0.09572672843933105
0.09633231163024902
0.09470677375793457
0.09901309013366699
0.09130716323852539
0.09186673164367676
0.09400105476379395
0.09094095230102539
0.09282827377319336
0.0918424129486084
0.09356069564819336
0.12492132186889648
0.09143376350402832
0.09360909461975098
0.08934664726257324
0.12819290161132812
0.0916602611541748
0.08048653602600098
0.12707281112670898
0.09448695182800293
0.09112548828125
0.09011197090148926
0.09324502944946289
0.13103175163269043
0.12384033203125
0.0952296257019043
0.08407306671142578
0.1296367645263672
0.13026785850524902
0.090789794921875
0.10115623474121094
0.07975411415100098
0.12090063095092773
0.09477710723876953
0.07893228530883789
0.12401580810546875
0.130204439163208
0.09074187278747559
0.09254646301269531
0.11863017082214355
0.12349200248718262
0.07970166206359863
0.09444904327392578
0.12915277481079102
0.09118533134460449
0.11197400093078613
0.13040876388549805
0.08146023750305176
0.1290121078491211
0.08142971992492676
0.08153486251831055
0.11365985870361328
0.126237154006958
0.11995625495910645
0.0973048210144043
0.08048439025878906
0.11220216751098633
0.13293790817260742
0.12264323234558105
0.08004331588745117
0.11893224716186523
0.12889862060546875
0.1233069896697998
0.1248931884765625
0.07945990562438965
0.09180855751037598
0.13114356994628906
0.11435461044311523
0.11997747421264648
0.13057899475097656
0.12291574478149414
0.11555600166320801
0.1336822509765625
0.11700797080993652
0.10544300079345703
0.13263940811157227
0.11133050918579102
0.1073598861694336
0.13298678398132324
0.1056375503540039
0.10863280296325684
0.1403055191040039
0.10759139060974121
0.1316819190979004
0.1001584529876709
0.11937904357910156
0.10156416893005371
0.13212323188781738
0.10421395301818848
0.10673213005065918
0.13124537467956543
0.14172625541687012
0.12434840202331543
0.1194295883178711
0.11522817611694336
0.1402738094329834
0.11704158782958984
0.12833786010742188
0.11206507682800293
0.1309220790863037
0.1116483211517334
0.1407620906829834
0.11884093284606934
0.1279294490814209
0.11008119583129883
0.12616229057312012
0.11558198928833008
0.12036347389221191
0.1292872428894043
0.11008954048156738
0.1096947193145752
0.14278841018676758
0.12852978706359863
0.11190104484558105
0.12892413139343262
0.12511754035949707
0.09351325035095215
0.10665774345397949
0.12302494049072266
0.12211918830871582
0.11251974105834961
0.10507655143737793
0.1238553524017334
0.11567258834838867
0.11798477172851562
0.10052227973937988
0.1257309913635254
0.13245773315429688
0.12746381759643555
0.1141204833984375
0.1203763484954834
0.09914255142211914
0.14315342903137207
0.11974930763244629
0.12146997451782227
0.1078801155090332
0.1238408088684082
0.13806772232055664
0.1366868019104004
0.11143326759338379
0.1070094108581543
0.11843204498291016
0.08791279792785645
0.11340451240539551
0.1097867488861084
0.13911914825439453
0.09892153739929199
0.12018942832946777
0.10950374603271484
0.1288440227508545
0.12644529342651367
0.10023951530456543
0.11123371124267578
0.09433698654174805
0.12688231468200684
0.11751770973205566
0.09369087219238281
0.13164019584655762
0.09462642669677734
0.1309494972229004
0.09418988227844238
0.08198952674865723
0.13418149948120117
0.09109926223754883
0.09289383888244629
0.12513256072998047
0.08067750930786133
0.12148284912109375
0.09122252464294434
0.07985401153564453
0.11082148551940918
0.11202430725097656
0.1252291202545166
0.12022113800048828
0.09920430183410645
0.12102198600769043
0.11771583557128906
0.09846258163452148
0.11021208763122559
0.09766459465026855
0.1404409408569336
0.10506200790405273
0.11883807182312012
0.09666204452514648
0.10601019859313965
0.11054229736328125
0.08571624755859375
0.14360404014587402
0.10613489151000977
0.08935070037841797
0.10717487335205078
0.09732580184936523
0.11704564094543457
0.10642051696777344
0.14165806770324707
0.10080599784851074
0.12300586700439453
0.09719157218933105
0.08852124214172363
0.12915802001953125
0.09596085548400879
0.12774872779846191
0.0860450267791748
0.1315295696258545
0.10423469543457031
0.08927202224731445
0.1359696388244629
0.09618902206420898
0.12418031692504883
0.10504388809204102
0.09541559219360352
0.10964131355285645
0.0989677906036377
0.1411452293395996
0.09593868255615234
0.12362051010131836
0.08509588241577148
0.09974431991577148
0.12023019790649414
0.13425922393798828
0.09905147552490234
0.1032571792602539
0.11767196655273438
0.10287928581237793
0.0857694149017334
0.13431310653686523
0.11126327514648438
0.08303260803222656
0.0809946060180664
0.09434366226196289
0.1301250457763672
0.09121370315551758
0.11964964866638184
0.12202692031860352
0.09324073791503906
0.0923614501953125
0.1269211769104004
0.09278130531311035
0.1293656826019287
0.1014699935913086
0.11711430549621582
0.13065791130065918
0.1018211841583252
0.12237215042114258
0.13160943984985352
0.12897396087646484
0.08481311798095703
0.11896562576293945
0.09179806709289551
0.13116741180419922
0.1173858642578125
0.13474106788635254
0.08164715766906738
0.13113188743591309
0.09240293502807617
0.11523842811584473
0.13004541397094727
0.08157157897949219
0.12160444259643555
0.11285161972045898
0.11642646789550781
0.12829089164733887
0.1340010166168213
0.12251067161560059
0.11424422264099121
0.12924861907958984
0.1278400421142578
0.11283326148986816
0.12848424911499023
0.13026928901672363
0.1097867488861084
0.11018538475036621
0.10963320732116699
0.12973546981811523
0.14620518684387207
0.12736272811889648
0.12903213500976562
0.13315749168395996
0.12692642211914062
0.12671709060668945
0.12514066696166992
0.1329493522644043
0.13129281997680664
0.12076830863952637
0.12731623649597168
0.13521361351013184
0.11154603958129883
0.1309366226196289
0.09235429763793945
0.11847686767578125
0.1375596523284912
0.10971593856811523
0.10521435737609863
0.12985825538635254
0.11014890670776367
0.12076020240783691
0.14864683151245117
0.09867215156555176
0.12571430206298828
0.1291043758392334
0.12129664421081543
0.09827399253845215
0.12453866004943848
0.11424756050109863
0.13048481941223145
0.13775205612182617
0.11098194122314453
0.09644508361816406
0.12005448341369629
0.1315326690673828
0.11325740814208984
0.0851898193359375
0.12818217277526855
0.1364612579345703
0.1052703857421875
0.08511996269226074
0.12835264205932617
0.12282156944274902
0.12748122215270996
0.09442591667175293
0.14015626907348633
0.1366291046142578
0.11534690856933594
0.09395909309387207
0.12118840217590332
0.09321236610412598
0.12429451942443848
0.1249847412109375
0.11668634414672852
0.09409475326538086
0.1238410472869873
0.11790037155151367
0.1149590015411377
0.09005880355834961
0.11150360107421875
0.11942505836486816
0.09393787384033203
0.10738801956176758
0.08067941665649414
0.12845468521118164
0.12208199501037598
0.11789202690124512
0.12940478324890137
0.09854245185852051
0.10976862907409668
0.13504385948181152
0.10742759704589844
0.11887764930725098
0.09635210037231445
0.1282494068145752
0.10884904861450195
0.0919957160949707
0.12683534622192383
0.13585186004638672
0.10686469078063965
0.11037778854370117
0.1194908618927002
0.1053924560546875
0.12514638900756836
0.12517714500427246
0.1320486068725586
0.1343672275543213
0.12421774864196777
0.1148841381072998
0.1270906925201416
0.11038494110107422
0.1489276885986328
0.10369372367858887
0.10420560836791992
0.1208810806274414
0.11791634559631348
0.11217570304870605
0.12169933319091797
0.1072075366973877
0.11871957778930664
0.10705971717834473
0.1202840805053711
0.10598039627075195
0.11794090270996094
0.10537266731262207
0.12013077735900879
0.1047675609588623
0.11977267265319824
0.10438656806945801
0.11746478080749512
0.09669947624206543
0.10565948486328125
0.10310864448547363
0.10029816627502441
0.10299801826477051
0.10039615631103516
0.1035923957824707
0.10046243667602539
0.10314178466796875
0.09951519966125488
0.10529446601867676
0.09926319122314453
0.10523867607116699
0.11294722557067871
0.1050260066986084
0.1273798942565918
0.12511396408081055
0.12405872344970703
0.1372847557067871
0.14591360092163086
0.1179661750793457
0.1460552215576172
0.13209080696105957
0.14190936088562012
0.12229561805725098
0.12938189506530762
0.12562346458435059
0.11746430397033691
0.12565279006958008
0.13888859748840332
0.12821149826049805
0.12544584274291992
0.11398696899414062
0.1373450756072998
0.11430549621582031
0.16674304008483887
0.11420798301696777
0.13635039329528809
0.12158560752868652
0.13371491432189941
0.1342029571533203
0.1350233554840088
0.13511252403259277
0.11951708793640137
0.12162280082702637
0.13052916526794434
0.13417720794677734
0.1509559154510498
0.12841391563415527
0.1080479621887207
0.12908577919006348
0.10839676856994629
0.10415387153625488
0.13054537773132324
0.16720318794250488
0.11486077308654785
0.10846805572509766
0.11651206016540527
0.10844111442565918
0.11160993576049805
0.12601613998413086
0.10491085052490234
0.11709737777709961
0.16002631187438965
0.10293769836425781
0.10463070869445801
0.12434792518615723
0.15066790580749512
0.11693048477172852
0.1278998851776123
0.12850427627563477
0.15369033813476562
0.15801143646240234
0.10092353820800781
0.12452864646911621
0.13231420516967773
0.10508227348327637
0.1320328712463379
0.12105083465576172
0.16513895988464355
0.10127711296081543
0.1312415599822998
0.13781237602233887
0.12169194221496582
0.15751862525939941
0.12821316719055176
0.11224150657653809
0.1269991397857666
0.13225293159484863
0.13316035270690918
0.1221776008605957
0.10099530220031738
0.1581439971923828
0.15260553359985352
0.13963699340820312
0.14676570892333984
0.14487910270690918
0.12264752388000488
0.15406394004821777
0.16354656219482422
0.11809325218200684
0.16158437728881836
0.11984133720397949
0.11093997955322266
0.1225137710571289
0.1165926456451416
0.11572003364562988
0.15156340599060059
0.1526930332183838
0.11273908615112305
0.1380777359008789
0.12613725662231445
0.11301136016845703
0.14540934562683105
0.1493229866027832
0.1136617660522461
0.10194253921508789
0.12361574172973633
0.14562273025512695
0.10487198829650879
0.11170315742492676
0.14676380157470703
0.11017036437988281
0.11298227310180664
0.14851641654968262
0.1375255584716797
0.14341402053833008
0.10970544815063477
0.10905146598815918
0.13394856452941895
0.15532588958740234
0.10412979125976562
0.13820147514343262
0.13937044143676758
0.1036231517791748
0.13728976249694824
0.1529841423034668
0.09236478805541992
0.1414332389831543
0.13524198532104492
0.10366463661193848
0.12089776992797852
0.13217830657958984
0.0993204116821289
0.13475632667541504
0.14423203468322754
0.10329413414001465
0.13586139678955078
0.13254523277282715
0.12177443504333496
0.14412665367126465
0.145371675491333
0.13649535179138184
0.09451723098754883
0.13727641105651855
0.08841896057128906
0.11773109436035156
0.14337944984436035
0.13446974754333496
0.1638813018798828
0.1108393669128418
0.13477730751037598
0.13459181785583496
0.11127614974975586
0.13266777992248535
0.1272447109222412
0.17570781707763672
0.11362028121948242
0.13153982162475586
0.14589285850524902
0.14140772819519043
0.12530303001403809
0.16411614418029785
0.13681530952453613
0.13632512092590332
0.1363050937652588
0.11348986625671387
0.1333770751953125
0.13270115852355957
0.10851478576660156
0.13718175888061523
0.1323702335357666
0.1521000862121582
0.12395334243774414
0.13653993606567383
0.16000723838806152
0.12424087524414062
0.1266634464263916
0.11746525764465332
0.11361885070800781
0.12790250778198242
0.12354230880737305
0.11697697639465332
0.11561441421508789
0.1200103759765625
0.11235642433166504
0.12021160125732422
0.10011148452758789
0.11562633514404297
0.11339664459228516
0.10773563385009766
0.11397480964660645
0.10928821563720703
0.11519050598144531
0.10095715522766113
0.11462593078613281
0.10661816596984863
0.10496997833251953
0.10021734237670898
0.1105947494506836
0.11112165451049805
0.11064791679382324
0.10720324516296387
0.10911846160888672
0.09712648391723633
0.12540888786315918
0.1256396770477295
0.14699029922485352
0.12682437896728516
0.14543724060058594
0.14773154258728027
0.13031578063964844
0.1471998691558838
0.12102270126342773
0.12746071815490723
0.14238977432250977
0.11595487594604492
0.11520576477050781
0.12869000434875488
0.11387848854064941
0.1229097843170166
0.15473508834838867
0.1440284252166748
0.13695812225341797
0.11367082595825195
0.12474679946899414
0.14039301872253418
0.13164997100830078
0.11180281639099121
0.1118614673614502
0.1334831714630127
0.1116180419921875
0.10856771469116211
0.10674905776977539
0.13078570365905762
0.12054109573364258
0.1466069221496582
0.10985326766967773
0.13477563858032227
0.11163473129272461
0.11950182914733887
0.13057732582092285
0.15573954582214355
0.13135790824890137
0.10604572296142578
0.1451270580291748
0.09915733337402344
0.10346508026123047
0.1479663848876953
0.15222787857055664
0.11514997482299805
0.10236716270446777
0.10332870483398438
0.11593222618103027
0.1031186580657959
0.15449905395507812
0.10081648826599121
0.1221609115600586
0.11132168769836426
0.1045691967010498
0.10224127769470215
0.1249241828918457
0.10050749778747559
0.12570548057556152
0.10530638694763184
0.13846945762634277
0.11222386360168457
0.12038922309875488
0.12541556358337402
0.11197614669799805
0.12231850624084473
0.10155820846557617
0.10617995262145996
0.12147331237792969
0.15452933311462402
0.16159319877624512
0.12185359001159668
0.09998178482055664
0.1025688648223877
0.13212156295776367
0.1013784408569336
0.11963391304016113
0.12227654457092285
0.10933208465576172
0.16080617904663086
0.11440110206604004
0.11641454696655273
0.13248443603515625
0.16447710990905762
0.13233232498168945
0.14508676528930664
0.15037155151367188
0.13233661651611328
0.11343884468078613
0.10871219635009766
0.16461563110351562
0.11045169830322266
0.1561722755432129
0.12387967109680176
0.1332564353942871
0.11334371566772461
0.15407347679138184
0.1274716854095459
0.14718389511108398
0.15777325630187988
0.11225748062133789
0.10396575927734375
0.11229562759399414
0.11516928672790527
0.14931678771972656
0.14984393119812012
0.11018633842468262
0.11160063743591309
0.14766407012939453
0.1145169734954834
0.1266953945159912
0.1494591236114502
0.1447749137878418
0.11006665229797363
0.12284469604492188
0.12624382972717285
0.13734006881713867
0.14544224739074707
0.11539435386657715
0.12268304824829102
0.17008233070373535
0.12483692169189453
0.1438138484954834
0.11749696731567383
0.1444387435913086
0.10854005813598633
0.16402077674865723
0.14516639709472656
0.14444494247436523
0.10069704055786133
0.1415088176727295
0.11376738548278809
0.08979320526123047
0.1354684829711914
0.13915300369262695
0.11295056343078613
0.14851641654968262
0.12014651298522949
0.14401578903198242
0.11519908905029297
0.1386888027191162
0.11519575119018555
0.13947629928588867
0.12697625160217285
0.13770270347595215
0.1305382251739502
0.13704466819763184
0.14163661003112793
0.1412825584411621
0.12734603881835938
0.12717771530151367
0.1296372413635254
0.1260228157043457
0.11196208000183105
0.14017271995544434
0.1466822624206543
0.14209842681884766
0.15308570861816406
0.09854006767272949
0.1370992660522461
0.13651466369628906
0.1252765655517578
0.12538671493530273
0.1357736587524414
0.14205527305603027
0.149993896484375
0.13487768173217773
0.13828158378601074
0.1335010528564453
0.14567947387695312
0.11820077896118164
0.13957643508911133
0.13420939445495605
0.11040067672729492
0.1389787197113037
0.14378809928894043
0.15033936500549316
0.11890578269958496
0.13254928588867188
0.12917423248291016
0.11196708679199219
0.12162613868713379
0.11936712265014648
0.13902688026428223
0.1112060546875
0.12204360961914062
0.1224069595336914
0.11893391609191895
0.11096549034118652
0.1068882942199707
0.143601655960083
0.12058591842651367
0.11336040496826172
0.11043667793273926
0.13651371002197266
0.11389613151550293
0.10767912864685059
0.12141799926757812
0.10971546173095703
0.13294529914855957
0.13008546829223633
0.16388297080993652
0.1202082633972168
0.16138577461242676
0.12659096717834473
0.1185920238494873
0.13345122337341309
0.1457829475402832
0.11780643463134766
0.14006948471069336
0.14424729347229004
0.1414470672607422
0.15251660346984863
0.1026451587677002
0.1422874927520752
0.15435266494750977
0.11379766464233398
0.1085653305053711
0.15082454681396484
0.1366283893585205
0.14210820198059082
0.10319638252258301
0.12409520149230957
0.13618206977844238
0.11207175254821777
0.13257956504821777
0.1096501350402832
0.1508781909942627
0.10955071449279785
0.10651969909667969
0.1122281551361084
0.13239240646362305
0.10311675071716309
0.10834336280822754
0.14207744598388672
0.1019296646118164
0.12770366668701172
0.09566235542297363
0.1189882755279541
0.09960722923278809
0.10684514045715332
0.14096593856811523
0.1242973804473877
0.13953924179077148
0.10208916664123535
0.1019439697265625
0.11690616607666016
0.14527297019958496
0.08774590492248535
0.12926912307739258
0.1333942413330078
0.10658669471740723
0.10196113586425781
0.11330008506774902
0.11455035209655762
0.10516190528869629
0.1213233470916748
0.13083934783935547
0.10701942443847656
0.14206862449645996
0.1121528148651123
0.15144562721252441
0.10284185409545898
0.12266111373901367
0.10444879531860352
0.11206459999084473
0.1164851188659668
0.1276562213897705
0.16400814056396484
0.11136078834533691
0.12625837326049805
0.12500429153442383
0.10805749893188477
0.11235713958740234
0.12897515296936035
0.1725306510925293
0.12350177764892578
0.14767956733703613
0.10281252861022949
0.12514209747314453
0.1297612190246582
0.14847803115844727
0.15219950675964355
0.0969700813293457
0.15124011039733887
0.14983439445495605
0.12250900268554688
0.1224968433380127
0.1547238826751709
0.14657068252563477
0.1191716194152832
0.14847683906555176
0.10432291030883789
0.11619782447814941
0.16180849075317383
0.12548422813415527
0.14636564254760742
0.14652180671691895
0.10954427719116211
0.10968160629272461
0.14585542678833008
0.11472058296203613
0.15755629539489746
0.13184809684753418
0.09544253349304199
0.14388680458068848
0.1321418285369873
0.11145210266113281
0.11029362678527832
0.15863275527954102
0.11315751075744629
0.14942049980163574
0.11637043952941895
0.16529226303100586
0.10689115524291992
0.11495351791381836
0.1193702220916748
0.14240765571594238
0.14395570755004883
0.11120462417602539
0.16019201278686523
0.10655808448791504
0.13663053512573242
0.14526700973510742
0.09671401977539062
0.14681458473205566
0.11311626434326172
0.12157130241394043
0.10243439674377441
0.11413955688476562
0.14383625984191895
0.14137864112854004
0.15431499481201172
0.12524628639221191
0.11272549629211426
0.1441795825958252
0.14972996711730957
0.13559293746948242
0.11069011688232422
0.12594318389892578
0.14183974266052246
0.13890433311462402
0.11383414268493652
0.14450454711914062
0.1577897071838379
0.1149148941040039
0.11324477195739746
0.13484406471252441
0.10042405128479004
0.1433877944946289
0.12182259559631348
0.09017753601074219
0.13944697380065918
0.16327714920043945
0.1297605037689209
0.08781671524047852
0.12221646308898926
0.13719940185546875
0.13515543937683105
0.1325242519378662
0.11873364448547363
0.13511943817138672
0.13919854164123535
0.1159822940826416
0.13847661018371582
0.12175774574279785
0.13730382919311523
0.11457657814025879
0.1312570571899414
0.13270974159240723
0.1254885196685791
0.11875534057617188
0.1324024200439453
0.1320803165435791
0.1182096004486084
0.13158082962036133
0.13024258613586426
0.1289527416229248
0.11409687995910645
0.13712024688720703
0.13059234619140625
0.09905409812927246
0.12423872947692871
0.13662958145141602
0.13482189178466797
0.12348103523254395
0.11171817779541016
0.11144900321960449
0.14955902099609375
0.1468057632446289
0.14384126663208008
0.14352035522460938
0.14123940467834473
0.11531782150268555
0.13815093040466309
0.11297869682312012
0.10924029350280762
0.13248944282531738
0.10778570175170898
0.13023662567138672
0.12685394287109375
0.16521739959716797
0.11986494064331055
0.15925884246826172
0.1204996109008789
0.12889528274536133
0.12782931327819824
0.11827945709228516
0.10911369323730469
0.1382765769958496
0.10335731506347656
0.11695742607116699
0.15196609497070312
0.102264404296875
0.11676287651062012
0.09892988204956055
0.1547377109527588
0.11480522155761719
0.10981941223144531
0.1513371467590332
0.1381211280822754
0.10987496376037598
0.1687150001525879
0.1486055850982666
0.09740400314331055
0.11344766616821289
0.12186908721923828
0.13591504096984863
0.09420084953308105
0.09861969947814941
0.11571812629699707
0.10445761680603027
0.09675025939941406
0.12229084968566895
0.1427459716796875
0.12431526184082031
0.11189842224121094
0.13027596473693848
0.12468767166137695
0.12627959251403809
0.1544349193572998
0.13135528564453125
0.10589337348937988
0.1274433135986328
0.12950944900512695
0.10521578788757324
0.12890362739562988
0.13492655754089355
0.1008613109588623
0.14433813095092773
0.12234926223754883
0.10436534881591797
0.08972501754760742
0.13167381286621094
0.1266181468963623
0.13166594505310059
0.09618210792541504
0.08810853958129883
0.1215677261352539
0.1380157470703125
0.0888967514038086
0.11572861671447754
0.12434124946594238
0.11613893508911133
0.09842157363891602
0.14922308921813965
0.10698270797729492
0.10298657417297363
0.12404870986938477
0.12115645408630371
0.1017293930053711
0.127610445022583
0.13480734825134277
0.15661263465881348
0.09968209266662598
0.12233805656433105
0.13766741752624512
0.12163138389587402
0.12390565872192383
0.14165997505187988
0.14191961288452148
0.08883976936340332
0.14751195907592773
0.15811729431152344
0.15952062606811523
0.13337159156799316
0.13805747032165527
0.17239856719970703
0.166428804397583
0.14642024040222168
0.12032413482666016
0.15534472465515137
0.12065339088439941
0.147813081741333
0.12196946144104004
0.12492132186889648
0.15268993377685547
0.1145782470703125
0.14821958541870117
0.11911678314208984
0.11099839210510254
0.14119601249694824
0.16095447540283203
0.1405162811279297
0.15793991088867188
0.1778721809387207
0.11990237236022949
0.13105273246765137
0.12033843994140625
0.15530014038085938
0.1346602439880371
0.1196432113647461
0.14168024063110352
0.13448643684387207
0.15481829643249512
0.11992263793945312
0.14907336235046387
0.11581182479858398
0.1631031036376953
0.15563297271728516
0.14332795143127441
0.14663124084472656
0.14392995834350586
0.09616827964782715
0.13218259811401367
0.15254878997802734
0.14183926582336426
0.10581541061401367
0.136399507522583
0.15541553497314453
0.09232950210571289
0.14203500747680664
0.15038132667541504
0.13757038116455078
0.10287976264953613
0.14249634742736816
0.13741064071655273
0.1270430088043213
0.10534071922302246
0.14316534996032715
0.13771796226501465
0.14593815803527832
0.09115147590637207
0.1435542106628418
0.13991880416870117
0.14124751091003418
0.10371708869934082
0.1125791072845459
0.14097833633422852
0.1471235752105713
0.16093969345092773
0.1212003231048584
0.14922785758972168
0.1326444149017334
0.1378319263458252
0.11903929710388184
0.14261269569396973
0.13869023323059082
0.13383841514587402
0.11726832389831543
0.1353759765625
0.11787605285644531
0.14326715469360352
0.13799810409545898
0.1724398136138916
0.13830184936523438
0.1435222625732422
0.1356518268585205
0.11554741859436035
0.1327223777770996
0.13261032104492188
0.13256239891052246
0.11073613166809082
0.1315622329711914
0.13447260856628418
0.11452102661132812
0.13002324104309082
0.12993979454040527
0.11345410346984863
0.1327965259552002
0.13136076927185059
0.13173985481262207
0.12890839576721191
0.13014674186706543
0.13018226623535156
0.12846732139587402
0.12376952171325684
0.12186145782470703
0.11744213104248047
0.11700296401977539
0.11595034599304199
0.11487841606140137
0.11359715461730957
0.1150808334350586
0.10967206954956055
0.10609936714172363
0.10791158676147461
0.10595512390136719
0.10578179359436035
0.10425186157226562
