0.021321535110473633
0.01981663703918457
0.014995813369750977
0.01427006721496582
0.023621797561645508
0.013858318328857422
0.01292872428894043
0.01402735710144043
0.012958288192749023
0.01583576202392578
0.013800382614135742
0.012703657150268555
0.013863563537597656
0.02121448516845703
0.02554488182067871
0.024455547332763672
0.01457357406616211
0.013340473175048828
0.021694660186767578
0.014847278594970703
0.021997451782226562
0.012469291687011719
0.016027212142944336
0.013235330581665039
0.015606164932250977
0.015067100524902344
0.012500286102294922
0.016321897506713867
0.013386249542236328
0.02573370933532715
0.014089584350585938
0.015406608581542969
0.014842987060546875
0.012807369232177734
0.013083457946777344
0.014108419418334961
0.013154983520507812
0.012072563171386719
0.013853311538696289
0.023839712142944336
0.014725685119628906
0.01593756675720215
0.015438079833984375
0.012897253036499023
0.011927604675292969
0.014902591705322266
0.014234542846679688
0.01401972770690918
0.013062477111816406
0.016946077346801758
0.011954545974731445
0.014646291732788086
0.01296687126159668
0.015250444412231445
0.014960289001464844
0.011868953704833984
0.014072656631469727
0.014266014099121094
0.013324499130249023
0.012256383895874023
0.014129400253295898
0.01311802864074707
0.013829946517944336
0.015040159225463867
0.012611627578735352
0.014088153839111328
0.014611959457397461
0.013144254684448242
0.014789104461669922
0.016485929489135742
0.012739896774291992
0.02081918716430664
0.012949466705322266
0.013443946838378906
0.014514684677124023
0.012084245681762695
0.014483928680419922
0.01290750503540039
0.014796972274780273
0.014624357223510742
0.012019634246826172
0.013211727142333984
0.013979911804199219
0.014991283416748047
0.013829231262207031
0.01314091682434082
0.014978647232055664
0.013302087783813477
0.012277841567993164
0.01610851287841797
0.014357566833496094
0.014164447784423828
0.013986349105834961
0.013059377670288086
0.01479649543762207
0.014110803604125977
0.013473033905029297
0.01877140998840332
0.013021230697631836
0.014337301254272461
0.014157295227050781
0.015180826187133789
0.012947559356689453
0.013630390167236328
0.014087200164794922
0.016135692596435547
0.014437675476074219
0.012959480285644531
0.014371633529663086
0.013132333755493164
0.013731718063354492
0.012845516204833984
0.014885663986206055
0.012994527816772461
0.013343572616577148
0.014441490173339844
0.012368202209472656
0.015563726425170898
0.013171195983886719
0.012382984161376953
0.013390779495239258
0.01321864128112793
0.018523454666137695
0.014441490173339844
0.014223575592041016
0.012694835662841797
0.013384342193603516
0.013297796249389648
0.012656450271606445
0.013632535934448242
0.014113664627075195
0.014359235763549805
0.014145374298095703
0.013417482376098633
0.01236104965209961
0.015671968460083008
0.013092756271362305
0.013423919677734375
0.013380289077758789
0.013023138046264648
0.014678478240966797
0.014271259307861328
0.013607025146484375
0.013048171997070312
0.017691850662231445
0.01417231559753418
0.013301372528076172
0.015839338302612305
0.013052701950073242
0.014913082122802734
0.01356053352355957
0.014186859130859375
0.013170242309570312
0.013036727905273438
0.014310836791992188
0.013146638870239258
0.013679742813110352
0.015645980834960938
0.013612985610961914
0.014264822006225586
0.013299226760864258
0.013536691665649414
0.01842021942138672
0.013407707214355469
0.013134002685546875
0.01565694808959961
0.01607036590576172
0.013561487197875977
0.012929916381835938
0.013929605484008789
0.013407230377197266
0.013151168823242188
0.012723684310913086
0.015188932418823242
0.013366937637329102
0.014240264892578125
0.018005847930908203
0.013446331024169922
0.017474889755249023
0.014615297317504883
0.017399311065673828
0.01473689079284668
0.014695167541503906
0.017327308654785156
0.014405488967895508
0.014444589614868164
0.016851425170898438
0.01403665542602539
0.013999700546264648
0.016614198684692383
0.013416528701782227
0.016523361206054688
0.01576852798461914
0.01569199562072754
0.015904664993286133
0.015345573425292969
0.015136003494262695
0.01523137092590332
0.015104532241821289
0.015321731567382812
0.01921820640563965
0.01568889617919922
0.014902830123901367
0.014786958694458008
0.015210390090942383
0.011601686477661133
0.014909505844116211
0.014731884002685547
0.011494636535644531
0.01501011848449707
0.012033462524414062
0.01969766616821289
0.01147603988647461
0.014288902282714844
0.012235164642333984
0.01596999168395996
0.013920307159423828
0.014228105545043945
0.015350818634033203
0.014307975769042969
0.011173725128173828
0.01594376564025879
0.013570308685302734
0.013200521469116211
0.011420488357543945
0.015608549118041992
0.01432490348815918
0.015251636505126953
0.011951923370361328
0.020458221435546875
0.011490106582641602
0.011885881423950195
0.011577844619750977
0.016320228576660156
0.014829874038696289
0.012878656387329102
0.016344308853149414
0.014078617095947266
0.013822078704833984
0.015301942825317383
0.011609792709350586
0.011550426483154297
0.015921592712402344
0.01215982437133789
0.011912107467651367
0.015504837036132812
0.015445709228515625
0.018956422805786133
0.014478206634521484
0.01573967933654785
0.011229991912841797
0.014539718627929688
0.013872385025024414
0.014914512634277344
0.012653112411499023
0.014464139938354492
0.013451099395751953
0.013503789901733398
0.014983654022216797
0.013354778289794922
0.01168060302734375
0.013148069381713867
0.013923883438110352
0.013521194458007812
0.01346588134765625
0.012711524963378906
0.013506174087524414
0.010335206985473633
0.014252424240112305
0.011332988739013672
0.011250019073486328
0.013964414596557617
0.013167142868041992
0.013899564743041992
0.013167142868041992
0.011127233505249023
0.013362884521484375
0.013558626174926758
0.013092517852783203
0.013379335403442383
0.027575254440307617
0.01733112335205078
0.016805410385131836
0.017683029174804688
0.016208410263061523
0.012112140655517578
0.015681743621826172
0.014956235885620117
0.014947175979614258
0.015129804611206055
0.011823654174804688
0.01470637321472168
0.013727426528930664
0.013838052749633789
0.012898445129394531
0.014431953430175781
0.02264690399169922
0.017013072967529297
0.011658906936645508
0.011624574661254883
0.014111757278442383
0.014494657516479492
0.014578104019165039
0.01404261589050293
0.020360946655273438
0.013801336288452148
0.014587879180908203
0.015131950378417969
0.014210700988769531
0.01468348503112793
0.011584043502807617
0.01179361343383789
0.011741876602172852
0.013863086700439453
0.01145625114440918
0.011223793029785156
0.013555765151977539
0.014730453491210938
0.010771512985229492
0.014525651931762695
0.012798786163330078
0.016053199768066406
0.013164281845092773
0.014207839965820312
0.01292872428894043
0.012964248657226562
0.015463590621948242
0.011233329772949219
0.012869596481323242
0.014495611190795898
0.013293743133544922
0.015169143676757812
0.013501882553100586
0.014621734619140625
0.012570858001708984
0.014088869094848633
0.011400461196899414
0.011247634887695312
0.011289358139038086
0.014894485473632812
0.015080451965332031
0.011155128479003906
0.014214277267456055
0.013546228408813477
0.014097929000854492
0.014369726181030273
0.01324462890625
0.013405084609985352
0.01641678810119629
0.010973930358886719
0.014566183090209961
0.014081716537475586
0.013367891311645508
0.01412343978881836
0.01363992691040039
0.012892961502075195
0.013535499572753906
0.013773202896118164
0.013832569122314453
0.012921571731567383
0.021173477172851562
0.015942811965942383
0.016829729080200195
0.015282392501831055
0.016510725021362305
0.01481318473815918
0.011415719985961914
0.015329360961914062
0.014859914779663086
0.011886835098266602
0.014487028121948242
0.014509439468383789
0.012665510177612305
0.01473236083984375
0.014394044876098633
0.015468835830688477
0.014323234558105469
0.01403498649597168
0.014287233352661133
0.01441812515258789
0.03708171844482422
0.03776693344116211
0.037481069564819336
0.021810531616210938
0.024225234985351562
0.024446964263916016
0.02176213264465332
0.022524356842041016
0.015348434448242188
0.02311229705810547
0.014819622039794922
0.02134084701538086
0.015415430068969727
0.014152050018310547
0.0206453800201416
0.014315128326416016
0.021687984466552734
0.014469623565673828
0.021232128143310547
0.014573097229003906
0.020684480667114258
0.015756607055664062
0.013636112213134766
0.021698474884033203
0.020422697067260742
0.01353907585144043
0.013637304306030273
0.013136863708496094
0.020644664764404297
0.013906002044677734
0.013321161270141602
0.02116560935974121
0.019461393356323242
0.013848543167114258
0.012990236282348633
0.013147830963134766
0.019733190536499023
0.013834238052368164
0.013042688369750977
0.013276815414428711
0.02083611488342285
0.01953434944152832
0.01917862892150879
0.01873326301574707
0.020612239837646484
0.020360469818115234
0.018711566925048828
0.021632671356201172
0.018351316452026367
0.019588232040405273
0.0206906795501709
0.03781318664550781
0.01874852180480957
0.01740407943725586
0.019420623779296875
0.01823592185974121
0.017913103103637695
0.019133806228637695
0.022684574127197266
0.017503738403320312
0.017391204833984375
0.018459558486938477
0.017956972122192383
0.017429590225219727
0.018997907638549805
0.02145218849182129
0.017746686935424805
0.016974210739135742
0.01834249496459961
0.016155719757080078
0.013134002685546875
0.017774105072021484
0.016611099243164062
0.016263246536254883
0.020467281341552734
0.015925884246826172
0.01593160629272461
0.013900995254516602
0.016309499740600586
0.015707015991210938
0.01781320571899414
0.038454294204711914
0.02158665657043457
0.015725135803222656
0.017364501953125
0.019083499908447266
0.02131938934326172
0.02636861801147461
0.018820524215698242
0.022815465927124023
0.019413232803344727
0.02176380157470703
0.019280433654785156
0.020321369171142578
0.018411636352539062
0.017897367477416992
0.020989656448364258
0.016562223434448242
0.020038366317749023
0.01806330680847168
0.036408424377441406
0.017012357711791992
0.04007744789123535
0.020685195922851562
0.017325162887573242
0.016007423400878906
0.02053523063659668
0.0225217342376709
0.03733634948730469
0.02355647087097168
0.016762495040893555
0.01972198486328125
0.016470670700073242
0.021469593048095703
0.016381025314331055
0.02189469337463379
0.023483991622924805
0.01878190040588379
0.016207456588745117
0.018037080764770508
0.021019935607910156
0.020231246948242188
0.016597270965576172
0.02066659927368164
0.01714944839477539
0.021430015563964844
0.02124643325805664
0.016796112060546875
0.02077317237854004
0.021053791046142578
0.016233444213867188
0.0190582275390625
0.01616811752319336
0.020143985748291016
0.01954793930053711
0.012692451477050781
0.018706798553466797
0.016071796417236328
0.016845226287841797
0.019973039627075195
0.019775390625
0.018767595291137695
0.018313169479370117
0.018993616104125977
0.020214319229125977
0.019690275192260742
0.01881694793701172
0.01967597007751465
0.01779460906982422
0.018073320388793945
0.018790483474731445
0.016942739486694336
0.017740964889526367
0.01764512062072754
0.01652693748474121
0.01810908317565918
0.017025470733642578
0.017940998077392578
0.01707148551940918
0.016890764236450195
0.017866134643554688
0.017122507095336914
0.012863874435424805
0.017703771591186523
0.017161846160888672
0.01640486717224121
0.01777029037475586
0.015734434127807617
0.013505935668945312
0.0166165828704834
0.017213821411132812
0.016785621643066406
0.016309738159179688
0.012381792068481445
0.01291513442993164
0.015317916870117188
0.015631914138793945
0.015488147735595703
0.011592626571655273
0.011749982833862305
0.03630542755126953
0.035395145416259766
0.02270364761352539
0.0213925838470459
0.021612167358398438
0.02231574058532715
0.020230770111083984
0.019824981689453125
0.02027416229248047
0.019379138946533203
0.019794940948486328
0.019561767578125
0.01959681510925293
0.01952672004699707
0.019192934036254883
0.02061319351196289
0.018390417098999023
0.018871068954467773
0.017818212509155273
0.018062114715576172
0.01758265495300293
0.017043113708496094
0.017856597900390625
0.017696380615234375
0.016633033752441406
0.0170137882232666
0.017237424850463867
0.018381595611572266
0.016140460968017578
0.016626596450805664
0.012451171875
0.01634359359741211
0.01644611358642578
0.016016483306884766
0.0162353515625
0.012955904006958008
0.011881589889526367
0.01617264747619629
0.01600480079650879
0.0149688720703125
0.01820850372314453
0.016274690628051758
0.015265464782714844
0.013757467269897461
0.014839649200439453
0.01411294937133789
0.016384124755859375
0.015868186950683594
0.014654159545898438
0.015487909317016602
0.014469146728515625
0.014486074447631836
0.014703989028930664
0.014257669448852539
0.01368260383605957
0.014486312866210938
0.013260126113891602
0.013520479202270508
0.01521921157836914
0.013245344161987305
0.014147758483886719
0.014790773391723633
0.013683557510375977
0.013477802276611328
0.014435291290283203
0.013176918029785156
0.014566659927368164
0.014898538589477539
0.01638174057006836
0.013767242431640625
0.014682769775390625
0.012944698333740234
0.014487028121948242
0.014602899551391602
0.013902902603149414
0.014034271240234375
0.012941122055053711
0.014669179916381836
0.013353824615478516
0.014020919799804688
0.012364864349365234
0.01258993148803711
0.013960599899291992
0.014021635055541992
0.013271570205688477
0.012984037399291992
0.012822866439819336
0.014636754989624023
0.013009786605834961
0.013133049011230469
0.014104127883911133
0.013823986053466797
0.013119220733642578
0.013596773147583008
0.012820959091186523
0.012243509292602539
0.013677358627319336
0.013332128524780273
0.01349496841430664
0.013351202011108398
0.012545108795166016
0.013395547866821289
0.013060808181762695
0.013444900512695312
0.013272523880004883
0.016623735427856445
0.012508869171142578
0.013174772262573242
0.01293802261352539
0.01426076889038086
0.013042449951171875
0.013326644897460938
0.013927459716796875
0.013310670852661133
0.01580190658569336
0.013122081756591797
0.013918638229370117
0.012861013412475586
0.013590812683105469
0.013948440551757812
0.014335870742797852
0.012448549270629883
0.013083457946777344
0.012178897857666016
0.013957977294921875
0.012440919876098633
0.012903690338134766
0.013077974319458008
0.015241861343383789
0.012470483779907227
0.013392448425292969
0.013314008712768555
0.01174020767211914
0.01622796058654785
0.015813589096069336
0.01309347152709961
0.013470888137817383
0.012333154678344727
0.012787580490112305
0.014745712280273438
0.014000415802001953
0.01312708854675293
0.012919187545776367
0.012846946716308594
0.013394594192504883
0.014627695083618164
0.01219940185546875
0.013397932052612305
0.012621402740478516
0.01318216323852539
0.013894081115722656
0.012678384780883789
0.01201319694519043
0.012244462966918945
0.013588190078735352
0.012978553771972656
0.01320505142211914
0.01178598403930664
0.012359142303466797
0.012903928756713867
0.013787984848022461
0.012092351913452148
0.013608932495117188
0.012376785278320312
0.011536598205566406
0.01330256462097168
0.012125492095947266
0.013161182403564453
0.014445304870605469
0.014225006103515625
0.014857053756713867
0.011923551559448242
0.013724088668823242
0.011919975280761719
0.013301372528076172
0.011955499649047852
0.012816905975341797
0.012408256530761719
0.013233661651611328
0.01314401626586914
0.01238107681274414
0.013411521911621094
0.011799812316894531
0.013524770736694336
0.012935638427734375
0.013146162033081055
0.012575387954711914
0.013004541397094727
0.012744665145874023
0.013275146484375
0.012192726135253906
0.012295722961425781
0.01304316520690918
0.011948585510253906
0.012098073959350586
0.012726306915283203
0.012720346450805664
0.012092828750610352
0.011963367462158203
0.012420177459716797
0.015558719635009766
0.01394510269165039
0.014500856399536133
0.014183282852172852
0.013801097869873047
0.015303373336791992
0.013167381286621094
0.013221263885498047
0.013672351837158203
0.013311624526977539
0.013212919235229492
0.013734102249145508
0.013366222381591797
0.013505697250366211
0.012772321701049805
0.013273000717163086
0.013571739196777344
0.012904882431030273
0.013045310974121094
0.012709617614746094
0.012841939926147461
0.01292729377746582
0.012354612350463867
0.012401819229125977
0.014005184173583984
0.011948823928833008
0.012923002243041992
0.013120889663696289
0.011864423751831055
0.01286935806274414
0.0126190185546875
0.012370824813842773
0.012429237365722656
0.01292276382446289
0.012258291244506836
0.012367963790893555
0.01268458366394043
0.011899232864379883
0.012102127075195312
0.011663436889648438
0.0170748233795166
0.016046524047851562
0.015524148941040039
0.016655445098876953
0.013899564743041992
0.01533198356628418
0.014073610305786133
0.013750553131103516
0.015010356903076172
0.013898134231567383
0.014459848403930664
0.015313386917114258
0.013849496841430664
0.013365030288696289
0.014790773391723633
0.014138460159301758
0.01363825798034668
0.014648914337158203
0.014136791229248047
0.01385641098022461
0.015379905700683594
0.01454472541809082
0.013407707214355469
0.015095949172973633
0.013001441955566406
0.013454914093017578
0.014886856079101562
0.013036012649536133
0.013638019561767578
0.014400720596313477
0.012721061706542969
0.014318227767944336
0.013193368911743164
0.012916803359985352
0.014039039611816406
0.012891292572021484
0.012883663177490234
0.012944936752319336
0.015093088150024414
0.01612091064453125
0.013086318969726562
0.012760639190673828
0.013821125030517578
0.012493133544921875
0.01282811164855957
0.013934135437011719
0.013361692428588867
0.0146484375
0.013194799423217773
0.014156579971313477
0.01274561882019043
0.012556791305541992
0.013924837112426758
0.01244497299194336
0.013030290603637695
0.013756513595581055
0.013817548751831055
0.012467145919799805
0.012708187103271484
0.013344049453735352
0.0125885009765625
0.012599706649780273
0.013707637786865234
0.012425422668457031
0.013547420501708984
0.01563119888305664
0.014231681823730469
0.013774633407592773
0.014524221420288086
0.013517618179321289
0.014418601989746094
0.013643741607666016
0.01334071159362793
0.015574932098388672
0.012755870819091797
0.012850284576416016
0.013612031936645508
0.01582813262939453
0.012493371963500977
0.013231754302978516
0.013873815536499023
0.012748479843139648
0.014016866683959961
0.012456893920898438
0.014399290084838867
0.012894392013549805
0.01331782341003418
0.013607501983642578
0.014183521270751953
0.011856317520141602
0.012604713439941406
0.013973712921142578
0.012954950332641602
0.016282081604003906
0.014578580856323242
0.013447761535644531
0.012964248657226562
0.013177156448364258
0.013982534408569336
0.012850761413574219
0.013994216918945312
0.013315200805664062
0.013466358184814453
0.01599264144897461
0.01304173469543457
0.013910770416259766
0.013023614883422852
0.013738393783569336
0.013387203216552734
0.013880252838134766
0.012348413467407227
0.012175798416137695
0.013199090957641602
0.0137176513671875
0.01176309585571289
0.013356685638427734
0.013060569763183594
0.01179361343383789
0.013200998306274414
0.011605501174926758
0.013685941696166992
0.013071298599243164
0.01282644271850586
0.01297140121459961
0.013458490371704102
0.013098716735839844
0.0153350830078125
0.012808561325073242
0.013177156448364258
0.012616634368896484
0.013143777847290039
0.013361930847167969
0.01386570930480957
0.012469768524169922
0.012954950332641602
0.012506723403930664
0.012912988662719727
0.012563705444335938
0.012348651885986328
0.014028787612915039
0.012934207916259766
0.012874364852905273
0.012394428253173828
0.013551950454711914
0.012709856033325195
0.013969182968139648
0.013204336166381836
0.012885332107543945
0.012308120727539062
0.012931108474731445
0.01313018798828125
0.011984825134277344
0.012061595916748047
0.013046741485595703
0.014568567276000977
0.012710094451904297
0.012967824935913086
0.012706756591796875
0.01306009292602539
0.012151956558227539
0.013032197952270508
0.011952877044677734
0.01420736312866211
0.011893272399902344
0.011790275573730469
0.013048887252807617
0.0117950439453125
0.011837482452392578
0.015359878540039062
0.01278233528137207
0.011652469635009766
0.012248992919921875
0.014085769653320312
0.012475728988647461
0.012602090835571289
0.013303041458129883
0.014692068099975586
0.012121200561523438
0.012204408645629883
0.013938426971435547
0.011810302734375
0.011910676956176758
0.013567447662353516
0.011754512786865234
0.01161503791809082
0.012944221496582031
0.013444662094116211
0.013134479522705078
0.01392817497253418
0.013353586196899414
0.0128021240234375
0.013091564178466797
0.012338638305664062
0.01291966438293457
0.012561321258544922
0.012576818466186523
0.012898921966552734
0.012348413467407227
0.012580394744873047
0.012969017028808594
0.016628265380859375
0.014116287231445312
0.01602458953857422
0.014075279235839844
0.014536142349243164
0.014661073684692383
0.01575160026550293
0.014412879943847656
0.013939619064331055
0.014149665832519531
0.013971090316772461
0.01381683349609375
0.014648199081420898
0.013000011444091797
0.013560771942138672
0.013242244720458984
0.014181375503540039
0.013042449951171875
0.013758420944213867
0.014501810073852539
0.013446331024169922
0.014047384262084961
0.013863801956176758
0.013066768646240234
0.013893365859985352
0.01344442367553711
0.012978076934814453
0.012948274612426758
0.01309657096862793
0.01301884651184082
0.013379335403442383
0.013465642929077148
0.014211177825927734
0.012849807739257812
0.012772083282470703
0.013515710830688477
0.012191057205200195
0.013178110122680664
0.01258707046508789
0.016292810440063477
0.01374959945678711
0.013182401657104492
0.012549161911010742
0.012310981750488281
0.013032197952270508
0.012869596481323242
0.012700319290161133
0.012961149215698242
0.013821601867675781
0.012700080871582031
0.012873649597167969
0.012476444244384766
0.012737751007080078
0.01320338249206543
0.014036417007446289
0.013015031814575195
0.012427806854248047
0.012830734252929688
0.011942863464355469
0.01431894302368164
0.01276540756225586
0.013337373733520508
0.014043092727661133
0.012780427932739258
0.012739419937133789
0.013562917709350586
0.016474485397338867
0.01365041732788086
0.014148712158203125
0.013753175735473633
0.01674818992614746
0.014722108840942383
0.015108823776245117
0.013185977935791016
0.014517068862915039
0.014400005340576172
0.014091968536376953
0.013039827346801758
0.013481855392456055
0.014322519302368164
0.01277470588684082
0.013682365417480469
0.01347804069519043
0.014095306396484375
0.013113021850585938
0.012907743453979492
0.01320505142211914
0.012775421142578125
0.013587236404418945
0.012852668762207031
0.013296127319335938
0.012181997299194336
0.01326131820678711
0.012243032455444336
0.012756824493408203
0.015530109405517578
0.013172149658203125
0.0135040283203125
0.014197826385498047
0.013193607330322266
0.013815164566040039
0.015140056610107422
0.013115644454956055
0.013318300247192383
0.012491703033447266
0.014118671417236328
0.012810707092285156
0.013987064361572266
0.013266324996948242
0.012128353118896484
0.01591181755065918
0.013203620910644531
0.012182235717773438
0.013997554779052734
0.01383662223815918
0.011976957321166992
0.013200521469116211
0.011690378189086914
0.013514280319213867
0.01366567611694336
0.012302398681640625
0.011668682098388672
0.013671398162841797
0.011821269989013672
0.012863397598266602
0.013411521911621094
0.013225317001342773
0.012051582336425781
0.013809680938720703
0.012539386749267578
0.013132333755493164
0.012118816375732422
0.014035224914550781
0.013555765151977539
0.01177835464477539
0.013245105743408203
0.011763572692871094
0.012863874435424805
0.013571023941040039
0.011579036712646484
0.01335287094116211
0.012786865234375
0.012651920318603516
0.012953042984008789
0.01309823989868164
0.0130767822265625
0.012358903884887695
0.014330387115478516
0.012384414672851562
0.013591766357421875
0.012327432632446289
0.012580156326293945
0.013939142227172852
0.013085603713989258
0.013210296630859375
0.013081550598144531
0.012705802917480469
0.012984514236450195
0.011910438537597656
0.012549638748168945
0.013436079025268555
0.011989355087280273
0.012062311172485352
0.012215614318847656
0.012653350830078125
0.012466907501220703
0.011918067932128906
0.012445449829101562
0.012520790100097656
0.011861085891723633
0.012270927429199219
0.012515783309936523
0.011674165725708008
0.011920690536499023
0.011722087860107422
0.01203608512878418
0.01516580581665039
0.011874914169311523
0.012399673461914062
0.011697053909301758
0.014852762222290039
0.012579917907714844
0.013708353042602539
0.01385498046875
0.01309514045715332
0.013586759567260742
0.013084888458251953
0.01326131820678711
0.012652158737182617
0.012798309326171875
0.013099908828735352
0.01237344741821289
0.012803792953491211
0.013431787490844727
0.01264190673828125
0.011884212493896484
0.011942625045776367
0.012324810028076172
0.012476444244384766
0.012179374694824219
