0.013014554977416992
0.012835979461669922
0.011696338653564453
0.012386560440063477
0.01295018196105957
0.011627912521362305
0.011545419692993164
0.010773658752441406
0.011181354522705078
0.01084136962890625
0.011272907257080078
0.010538578033447266
0.010525703430175781
0.01066446304321289
0.010385513305664062
0.010436296463012695
0.010628700256347656
0.010311603546142578
0.01004648208618164
0.010494232177734375
0.010423898696899414
0.010562419891357422
0.011699199676513672
0.010915756225585938
0.010509729385375977
0.010404109954833984
0.011315584182739258
0.009934663772583008
0.009395122528076172
0.008772611618041992
0.008274078369140625
0.010136127471923828
0.01143956184387207
0.010059118270874023
0.010113954544067383
0.010648488998413086
0.010364532470703125
0.008545160293579102
0.009618759155273438
0.00983738899230957
0.009135246276855469
0.008464813232421875
0.00950312614440918
0.010332107543945312
0.010751485824584961
0.009731769561767578
0.009086132049560547
0.010795116424560547
0.00835418701171875
0.008205890655517578
0.008629560470581055
0.010241508483886719
0.010590314865112305
0.009011983871459961
0.010593652725219727
0.009281396865844727
0.008855342864990234
0.012612104415893555
0.00894784927368164
0.009424209594726562
0.008654594421386719
0.008596420288085938
0.009711503982543945
0.010030508041381836
0.012566089630126953
0.010271310806274414
0.009666204452514648
0.012093067169189453
0.008553028106689453
0.008610725402832031
0.009314775466918945
0.008382081985473633
0.009495973587036133
0.010811805725097656
0.008522987365722656
0.011657476425170898
0.009772777557373047
0.009367227554321289
0.012665271759033203
0.009560585021972656
0.009057998657226562
0.010006904602050781
0.00913381576538086
0.011703252792358398
0.01044774055480957
0.00969076156616211
0.00992441177368164
0.011192798614501953
0.011224031448364258
0.011451959609985352
0.013083219528198242
0.009871959686279297
0.009741067886352539
0.010516881942749023
0.009767770767211914
0.01281595230102539
0.009104251861572266
0.010040521621704102
0.01099085807800293
0.009719610214233398
0.010955810546875
0.010740041732788086
0.013362884521484375
0.009293794631958008
0.009844303131103516
0.009456396102905273
0.01093149185180664
0.009705781936645508
0.013128280639648438
0.010966777801513672
0.009330511093139648
0.00923466682434082
0.011481761932373047
0.009551048278808594
0.010634899139404297
0.013998985290527344
0.012247800827026367
0.009856939315795898
0.011761665344238281
0.009713888168334961
0.013399362564086914
0.009429931640625
0.011761665344238281
0.012315034866333008
0.011472940444946289
0.010323762893676758
0.009668588638305664
0.00962066650390625
0.009533166885375977
0.0111541748046875
0.009909868240356445
0.013326883316040039
0.009796142578125
0.012240409851074219
0.011030197143554688
0.009329557418823242
0.010012626647949219
0.011770486831665039
0.012517452239990234
0.010240316390991211
0.011261940002441406
0.010007858276367188
0.011259317398071289
0.010506868362426758
0.009879112243652344
0.009645938873291016
0.011640310287475586
0.01239466667175293
0.009643077850341797
0.01098489761352539
0.011371850967407227
0.012583732604980469
0.014810800552368164
0.009875059127807617
0.012334823608398438
0.01104283332824707
0.011939287185668945
0.01009368896484375
0.014040231704711914
0.0118865966796875
0.009757518768310547
0.011041879653930664
0.011719226837158203
0.01184225082397461
0.013512134552001953
0.011273860931396484
0.011748075485229492
0.013161659240722656
0.013509273529052734
0.010359048843383789
0.012821435928344727
0.010336875915527344
0.013163566589355469
0.012582540512084961
0.012407541275024414
0.012026548385620117
0.012226343154907227
0.012061119079589844
0.012472867965698242
0.01024007797241211
0.012211322784423828
0.011749267578125
0.011886119842529297
0.012010335922241211
0.016589641571044922
0.017476558685302734
0.011429786682128906
0.011187553405761719
0.015339374542236328
0.015409469604492188
0.011725187301635742
0.014435529708862305
0.014597892761230469
0.011538267135620117
0.011282682418823242
0.011188030242919922
0.011377573013305664
0.011293172836303711
0.012972354888916016
0.011086463928222656
0.013672351837158203
0.012155532836914062
0.012953996658325195
0.012603521347045898
0.012065410614013672
0.012351751327514648
0.012267351150512695
0.012222528457641602
0.011694908142089844
0.011574506759643555
0.011744022369384766
0.009899377822875977
0.010780811309814453
0.008589982986450195
0.008862733840942383
0.011029243469238281
0.013997793197631836
0.008944511413574219
0.009023666381835938
0.010698318481445312
0.012640714645385742
0.008945941925048828
0.012420892715454102
0.012943744659423828
0.009533405303955078
0.012009143829345703
0.011951923370361328
0.01197195053100586
0.012386083602905273
0.009928226470947266
0.011595010757446289
0.009270906448364258
0.011301279067993164
0.009865999221801758
0.009865283966064453
0.009475946426391602
0.011071920394897461
0.008458614349365234
0.009356021881103516
0.009305953979492188
0.011232376098632812
0.010553359985351562
0.009198427200317383
0.010200023651123047
0.010788440704345703
0.009793758392333984
0.011533737182617188
0.01079249382019043
0.008978128433227539
0.008904457092285156
0.01072835922241211
0.015193700790405273
0.011912107467651367
0.008764028549194336
0.008609771728515625
0.008257865905761719
0.013410568237304688
0.008119583129882812
0.009328126907348633
0.01044917106628418
0.015146732330322266
0.010451555252075195
0.010298967361450195
0.012916088104248047
0.013019561767578125
0.012612581253051758
0.012264728546142578
0.012985467910766602
0.011751651763916016
0.012243509292602539
0.011124610900878906
0.012412309646606445
0.011585235595703125
0.01143956184387207
0.011532068252563477
0.011272907257080078
0.011299848556518555
0.01104426383972168
0.011200666427612305
0.011038541793823242
0.016314983367919922
0.014067649841308594
0.013426542282104492
0.013659238815307617
0.011383771896362305
0.01357269287109375
0.009891271591186523
0.013002157211303711
0.012407779693603516
0.013393878936767578
0.00963902473449707
0.01352071762084961
0.010164260864257812
0.010263204574584961
0.009564399719238281
0.012752056121826172
0.013216972351074219
0.009762287139892578
0.0122528076171875
0.009235620498657227
0.012663602828979492
0.009397745132446289
0.012109041213989258
0.011941909790039062
0.014670848846435547
0.011201620101928711
0.00992441177368164
0.009625911712646484
0.01186060905456543
0.013673067092895508
0.01192021369934082
0.011592388153076172
0.010494232177734375
0.009119510650634766
0.011449575424194336
0.012195825576782227
0.01119089126586914
0.009735107421875
0.009241819381713867
0.013123035430908203
0.011273860931396484
0.008748054504394531
0.010058403015136719
0.011406898498535156
0.011992931365966797
0.012360095977783203
0.012700796127319336
0.011260509490966797
0.012166261672973633
0.011666059494018555
0.00990915298461914
0.011987924575805664
0.01360321044921875
0.011971473693847656
0.012110471725463867
0.009588003158569336
0.010959148406982422
0.00935983657836914
0.012499809265136719
0.01160740852355957
0.011059045791625977
0.010006189346313477
0.009531021118164062
0.010436296463012695
0.009946346282958984
0.01116037368774414
0.009515523910522461
0.010772228240966797
0.009639263153076172
0.009961843490600586
0.010187387466430664
0.011354923248291016
0.010286808013916016
0.009984970092773438
0.01136159896850586
0.011696338653564453
0.009938478469848633
0.00984644889831543
0.011028289794921875
0.011379003524780273
0.011455297470092773
0.01412057876586914
0.009905576705932617
0.012701272964477539
0.01361846923828125
0.009650945663452148
0.010034322738647461
0.013916015625
0.010289430618286133
0.009789228439331055
0.012325763702392578
0.00982809066772461
0.012305021286010742
0.010473251342773438
0.01007080078125
0.01151132583618164
0.01109004020690918
0.011476516723632812
0.008997917175292969
0.009855031967163086
0.010203123092651367
0.0096893310546875
0.009508132934570312
0.011799097061157227
0.01049041748046875
0.011588573455810547
0.009282112121582031
0.008660554885864258
0.008203506469726562
0.010480880737304688
0.010638952255249023
0.010536670684814453
0.010489940643310547
0.010413646697998047
0.009124994277954102
0.010557413101196289
0.008507013320922852
0.0083770751953125
0.008761167526245117
0.00857234001159668
0.020615100860595703
0.02228999137878418
0.01985955238342285
0.021678447723388672
0.019728422164916992
0.019521474838256836
0.01895618438720703
0.019916296005249023
0.017961740493774414
0.018495798110961914
0.019427776336669922
0.01741337776184082
0.01773691177368164
0.017866849899291992
0.017121553421020508
0.01759624481201172
0.017392396926879883
0.0167849063873291
0.017314434051513672
0.017525434494018555
0.01727581024169922
0.016289234161376953
0.016714811325073242
0.017064332962036133
0.015976905822753906
0.01571488380432129
0.017336606979370117
0.016328811645507812
0.01560211181640625
0.02082228660583496
0.016506433486938477
0.015265703201293945
0.015181541442871094
0.01545262336730957
0.016543865203857422
0.014616012573242188
0.018931865692138672
0.01455831527709961
0.01467585563659668
0.016027450561523438
0.014619588851928711
0.015224695205688477
0.015089035034179688
0.014190673828125
0.014334917068481445
0.019007205963134766
0.014786243438720703
0.010479927062988281
0.014283895492553711
0.014449119567871094
0.013764142990112305
0.014303445816040039
0.018593549728393555
0.014091730117797852
0.013826131820678711
0.014018774032592773
0.021498680114746094
0.010464668273925781
0.014053106307983398
0.01380157470703125
0.011057138442993164
0.017287254333496094
0.010679960250854492
0.013653755187988281
0.020333528518676758
0.017812728881835938
0.01416325569152832
0.010792255401611328
0.01945352554321289
0.016849040985107422
0.017067432403564453
0.018569469451904297
0.016512393951416016
0.01811981201171875
0.015883684158325195
0.019399642944335938
0.016290903091430664
0.021792173385620117
0.02205514907836914
0.015000581741333008
0.01703667640686035
0.014866352081298828
0.02054309844970703
0.01723957061767578
0.019099950790405273
0.014914274215698242
0.01449275016784668
0.01691412925720215
0.01858663558959961
0.014246940612792969
0.018675804138183594
0.01684260368347168
0.01441192626953125
0.01813364028930664
0.013876914978027344
0.016271352767944336
0.018173694610595703
0.021268367767333984
0.017800331115722656
0.015552282333374023
0.011111736297607422
0.01781940460205078
0.01817774772644043
0.015064239501953125
0.01491236686706543
0.020198822021484375
0.018622636795043945
0.017536401748657227
0.015207529067993164
0.014304637908935547
0.016959428787231445
0.019691944122314453
0.017458677291870117
0.014832019805908203
0.014648199081420898
0.016860485076904297
0.01721501350402832
0.015044212341308594
0.018088340759277344
0.011392593383789062
0.017085790634155273
0.016780853271484375
0.01656198501586914
0.017877817153930664
0.016984939575195312
0.016134977340698242
0.015655040740966797
0.018544912338256836
0.0156857967376709
0.015429973602294922
0.015945911407470703
0.016945838928222656
0.015484333038330078
0.014723062515258789
0.014950752258300781
0.014602899551391602
0.016865253448486328
0.014743804931640625
0.014540433883666992
0.010949373245239258
0.014423608779907227
0.01701498031616211
0.01457524299621582
0.011464834213256836
0.014700889587402344
0.014659643173217773
0.01645493507385254
0.01427912712097168
0.011540651321411133
0.010706663131713867
0.016936779022216797
0.015438318252563477
0.015224933624267578
0.01581406593322754
0.014687538146972656
0.014713764190673828
0.01449275016784668
0.01421499252319336
0.014684677124023438
0.02103400230407715
0.01180720329284668
0.02044677734375
0.0213165283203125
0.020475149154663086
0.019411563873291016
0.01880478858947754
0.0190889835357666
0.017798185348510742
0.01879096031188965
0.017499208450317383
0.018556833267211914
0.011853218078613281
0.016520977020263672
0.017749786376953125
0.017199277877807617
0.018611907958984375
0.016402482986450195
0.017432451248168945
0.016353130340576172
0.015691518783569336
0.018141984939575195
0.015590429306030273
0.017149686813354492
0.016214847564697266
0.015432596206665039
0.016054630279541016
0.011424779891967773
0.015460014343261719
0.015336275100708008
0.015066146850585938
0.015619993209838867
0.014744758605957031
0.015284299850463867
0.011376142501831055
0.014958858489990234
0.015122652053833008
0.015327215194702148
0.011894464492797852
0.01477813720703125
0.011698246002197266
0.012378931045532227
0.012068748474121094
0.012787342071533203
0.012026548385620117
0.012891769409179688
0.012167930603027344
0.012691974639892578
0.011649131774902344
0.012790203094482422
0.012276172637939453
0.011319875717163086
0.013239383697509766
0.011291027069091797
0.012659549713134766
0.013298273086547852
0.01132512092590332
0.012448787689208984
0.010955095291137695
0.012205123901367188
0.011222600936889648
0.011657238006591797
0.012585639953613281
0.011252880096435547
0.011393070220947266
0.010599851608276367
0.012384653091430664
0.010557174682617188
0.011300086975097656
0.010698795318603516
0.01215362548828125
0.010473966598510742
0.012069940567016602
0.011355400085449219
0.012215614318847656
0.010521650314331055
0.010508298873901367
0.011215448379516602
0.011832952499389648
0.010319709777832031
0.01199483871459961
0.010581016540527344
0.011367321014404297
0.01199197769165039
0.010209321975708008
0.010837316513061523
0.012010574340820312
0.012181997299194336
0.010749578475952148
0.012073993682861328
0.011424779891967773
0.012403249740600586
0.011440038681030273
0.011718988418579102
0.010489225387573242
0.012052297592163086
0.01054072380065918
0.011296749114990234
0.011359930038452148
0.01033329963684082
0.011462926864624023
0.010457277297973633
0.011244773864746094
0.011823892593383789
0.010281801223754883
0.010312080383300781
0.012231826782226562
0.01052999496459961
0.011030912399291992
0.01122283935546875
0.011689186096191406
0.01134037971496582
0.01166534423828125
0.011090755462646484
0.010802984237670898
0.011528491973876953
0.010904073715209961
0.01145315170288086
0.010944843292236328
0.012138843536376953
0.01056671142578125
0.011790752410888672
0.010771751403808594
0.012023687362670898
0.010787487030029297
0.011885404586791992
0.010849475860595703
0.010509014129638672
0.011597633361816406
0.011879444122314453
0.010326385498046875
0.011127710342407227
0.011942148208618164
0.011837959289550781
0.012985467910766602
0.012880086898803711
0.011554241180419922
0.012301206588745117
0.011487007141113281
0.011264562606811523
0.011910438537597656
0.010936498641967773
0.011713266372680664
0.012087583541870117
0.010956525802612305
0.01189565658569336
0.010916709899902344
0.01168680191040039
0.011022329330444336
0.012253046035766602
0.012406587600708008
0.010788202285766602
0.01140451431274414
0.010964393615722656
0.011428594589233398
0.011931896209716797
0.01116490364074707
0.011445999145507812
0.010442018508911133
0.010663986206054688
0.011765241622924805
0.011784791946411133
0.011241912841796875
0.011136770248413086
0.011857271194458008
0.011609554290771484
0.011744499206542969
0.011900663375854492
0.011623859405517578
0.011299371719360352
0.01140451431274414
0.011073589324951172
0.011191129684448242
0.011169910430908203
0.012021064758300781
0.011318206787109375
0.010492801666259766
0.011783123016357422
0.011385917663574219
0.011725425720214844
0.010956764221191406
0.011411428451538086
0.011049032211303711
0.01141977310180664
0.011293649673461914
0.011003494262695312
0.011407852172851562
0.011080503463745117
0.011431694030761719
0.010885953903198242
0.011388301849365234
0.011068105697631836
0.011254549026489258
0.011340141296386719
0.011423110961914062
0.011104106903076172
0.011282205581665039
0.011193990707397461
0.011354446411132812
0.01108694076538086
0.010983705520629883
0.012702465057373047
0.012608051300048828
0.012577056884765625
0.01246190071105957
0.012317419052124023
0.012132644653320312
0.012152910232543945
0.011960268020629883
0.012630224227905273
0.012230634689331055
0.01213693618774414
0.011673450469970703
0.011949539184570312
0.011878490447998047
0.011651992797851562
0.012230873107910156
0.011551380157470703
0.012418985366821289
0.011731147766113281
0.012213706970214844
0.012121200561523438
0.011391639709472656
0.012045860290527344
0.0113677978515625
0.011506080627441406
0.011326789855957031
0.011704683303833008
0.011106491088867188
0.011266231536865234
0.011541366577148438
0.01107931137084961
0.011685848236083984
0.011633634567260742
0.011033058166503906
0.0113372802734375
0.011621475219726562
0.010987043380737305
0.01119089126586914
0.011432886123657227
0.011231660842895508
0.012013912200927734
0.011813879013061523
0.013368844985961914
0.012580633163452148
0.011810064315795898
0.01326441764831543
0.012065649032592773
0.012135028839111328
0.01164388656616211
0.013288259506225586
0.011728286743164062
0.011478185653686523
0.012727975845336914
0.011794567108154297
0.011286258697509766
0.01292872428894043
0.011357545852661133
0.011799097061157227
0.012713909149169922
0.011109590530395508
0.011750459671020508
0.01139521598815918
0.01216268539428711
0.011235475540161133
0.011174201965332031
0.012383222579956055
0.011168718338012695
0.010741710662841797
0.012048482894897461
0.011047601699829102
0.010741949081420898
0.010686159133911133
0.012045621871948242
0.010706901550292969
0.010579109191894531
0.012270927429199219
0.010648488998413086
0.011954545974731445
0.010550498962402344
0.010872602462768555
0.012149572372436523
0.010503053665161133
0.010865449905395508
0.010757923126220703
0.011826038360595703
0.011974096298217773
0.010670661926269531
0.010360240936279297
0.012186765670776367
0.010634422302246094
0.010516881942749023
0.01158285140991211
0.010364770889282227
0.010236263275146484
0.011792898178100586
0.012110471725463867
0.010377645492553711
0.010659456253051758
0.011829376220703125
0.010259628295898438
0.011531829833984375
0.011667490005493164
0.012087821960449219
0.011340618133544922
0.011454343795776367
0.01204538345336914
0.012347936630249023
0.011219263076782227
0.012257575988769531
0.0113525390625
0.011177301406860352
0.011748552322387695
0.010904073715209961
0.010939598083496094
0.012904644012451172
0.011978387832641602
0.01093745231628418
0.011192083358764648
0.012021064758300781
0.01217794418334961
0.010806083679199219
0.01077580451965332
0.011874675750732422
0.011795759201049805
0.012652158737182617
0.01059865951538086
0.012372970581054688
0.011497974395751953
0.012187719345092773
0.011031627655029297
0.010823249816894531
0.012270450592041016
0.01130819320678711
0.010578155517578125
0.011425018310546875
0.011327028274536133
0.011935710906982422
0.01163339614868164
0.011650323867797852
0.011629819869995117
0.011894464492797852
0.01136922836303711
0.011851787567138672
0.013825654983520508
0.011168956756591797
0.012086868286132812
0.011839151382446289
0.01136469841003418
0.012095212936401367
0.011582136154174805
0.011332035064697266
0.011359930038452148
0.011064529418945312
0.011709451675415039
0.012305974960327148
0.011876583099365234
0.010857343673706055
0.011020898818969727
0.010997772216796875
0.01163935661315918
0.011663198471069336
0.011600017547607422
0.010741949081420898
0.011821985244750977
0.011165380477905273
0.010604381561279297
0.011470317840576172
0.011772632598876953
0.010882377624511719
0.011037588119506836
0.011577367782592773
0.01277470588684082
0.011785030364990234
0.011535406112670898
0.011551618576049805
0.011468648910522461
0.01071023941040039
0.010848522186279297
0.01159977912902832
0.011602640151977539
0.011389732360839844
0.01067495346069336
0.011393547058105469
0.01156163215637207
0.012226104736328125
0.011139631271362305
0.011296510696411133
0.011271953582763672
0.011900186538696289
0.011689186096191406
0.012048959732055664
0.011416196823120117
0.011292695999145508
0.011776208877563477
0.011537313461303711
0.010988473892211914
0.01128530502319336
0.011336803436279297
0.011798620223999023
0.011053085327148438
0.011219978332519531
0.011821985244750977
0.011215925216674805
0.011759281158447266
0.01117253303527832
0.011131525039672852
0.011701822280883789
0.011091232299804688
0.011211633682250977
0.01231241226196289
0.011303424835205078
0.011065483093261719
0.011274337768554688
0.011693239212036133
0.012108564376831055
0.011430740356445312
0.011487483978271484
0.012379646301269531
0.011208772659301758
0.010957956314086914
0.010885953903198242
0.012572765350341797
0.01136326789855957
0.010701894760131836
0.012084484100341797
0.01206064224243164
0.012684106826782227
0.011907815933227539
0.011865854263305664
0.011226177215576172
0.01172184944152832
0.011548757553100586
0.011367559432983398
0.011722087860107422
0.011347293853759766
0.011776924133300781
0.011588811874389648
0.011521339416503906
0.011217355728149414
0.011739253997802734
0.011806249618530273
0.011863470077514648
0.011998414993286133
0.011800527572631836
0.011985301971435547
0.011692285537719727
0.012250185012817383
0.011700630187988281
0.011945486068725586
0.011673212051391602
0.011441230773925781
0.011587142944335938
0.011452436447143555
0.011953115463256836
0.011209964752197266
0.0112152099609375
0.011727094650268555
0.01179814338684082
0.01161050796508789
0.011161327362060547
0.011895418167114258
0.011461973190307617
0.01112222671508789
0.011430978775024414
0.011420965194702148
0.01096796989440918
0.010666608810424805
0.01100015640258789
0.011258840560913086
0.010784626007080078
0.011284589767456055
0.010994195938110352
0.011044740676879883
0.010744333267211914
0.010941505432128906
0.011289119720458984
0.011010885238647461
0.012373924255371094
0.010440587997436523
0.010657310485839844
0.010424375534057617
0.011241436004638672
0.010357141494750977
0.010534048080444336
0.010779857635498047
0.010267019271850586
0.01203775405883789
0.010416030883789062
0.01019740104675293
0.010400533676147461
0.010756492614746094
0.010396242141723633
0.01088857650756836
0.011751651763916016
0.010427236557006836
0.010631322860717773
0.01029348373413086
0.010815620422363281
0.011486291885375977
0.01093602180480957
0.011430740356445312
0.011467933654785156
0.010774612426757812
0.010517597198486328
0.010941028594970703
0.011406421661376953
0.012024164199829102
0.011455059051513672
0.01171731948852539
0.011755943298339844
0.01125025749206543
0.011989116668701172
0.011686325073242188
0.011321067810058594
0.012065410614013672
0.011694669723510742
0.011287212371826172
0.010956525802612305
0.011571884155273438
0.011882781982421875
0.011101484298706055
0.011025190353393555
0.011737823486328125
0.012233495712280273
0.010739803314208984
0.01170969009399414
0.010890007019042969
0.011785030364990234
0.011211633682250977
0.011371135711669922
0.011145591735839844
0.012107610702514648
0.010747909545898438
0.011985540390014648
0.011208772659301758
0.01095890998840332
0.011967897415161133
0.011853456497192383
0.011722326278686523
0.012639760971069336
0.011842966079711914
0.011013031005859375
0.012209892272949219
0.011144399642944336
0.011534929275512695
0.012119531631469727
0.011111974716186523
0.012768745422363281
0.011213541030883789
0.010610342025756836
0.011835813522338867
0.011199951171875
0.011105537414550781
0.01196908950805664
0.012073993682861328
0.011105537414550781
0.011338233947753906
0.011981010437011719
0.011152982711791992
0.011391878128051758
0.011693716049194336
0.010913372039794922
0.013343572616577148
0.011465072631835938
0.010359048843383789
0.011680126190185547
0.01105642318725586
0.010594367980957031
0.012024402618408203
0.012348413467407227
0.011068344116210938
0.011691093444824219
0.010799884796142578
0.011653900146484375
0.010921478271484375
0.011596202850341797
0.010872602462768555
0.011685609817504883
0.01176905632019043
0.010688543319702148
0.01141977310180664
0.011339187622070312
0.011760473251342773
0.011773109436035156
0.011549234390258789
0.011363029479980469
0.01156306266784668
0.011555671691894531
0.011390447616577148
0.012027978897094727
0.011518716812133789
0.01135706901550293
0.011399269104003906
0.011310577392578125
0.011532783508300781
0.011358261108398438
0.011205673217773438
0.011705875396728516
0.011344432830810547
0.011212348937988281
0.011493921279907227
0.010990381240844727
0.011149883270263672
0.01106405258178711
0.011456966400146484
0.011294126510620117
0.011207103729248047
0.011218547821044922
0.011192083358764648
0.011478900909423828
0.011260509490966797
0.012331247329711914
0.010959386825561523
0.011535882949829102
0.011148929595947266
0.011062383651733398
0.011535406112670898
0.01128387451171875
0.011227607727050781
0.01121664047241211
0.011984586715698242
0.010967254638671875
0.013391733169555664
0.012206554412841797
0.012623071670532227
0.012544393539428711
0.011973142623901367
0.011696338653564453
0.011624813079833984
0.011626005172729492
0.011513471603393555
0.011450767517089844
0.0117645263671875
0.011585235595703125
0.011278867721557617
0.011077880859375
0.0114898681640625
0.011815786361694336
0.011805534362792969
0.01134347915649414
