0.020002126693725586
0.01801753044128418
0.014780759811401367
0.014516353607177734
0.013673782348632812
0.013991594314575195
0.013145923614501953
0.014102697372436523
0.012910127639770508
0.013869047164916992
0.012891530990600586
0.013529777526855469
0.012749671936035156
0.013527393341064453
0.01610255241394043
0.013492822647094727
0.012522220611572266
0.013277769088745117
0.01244497299194336
0.011444091796875
0.013152360916137695
0.012482881546020508
0.01662302017211914
0.010871648788452148
0.014915227890014648
0.012098073959350586
0.01304316520690918
0.011514425277709961
0.011032819747924805
0.012656211853027344
0.011369466781616211
0.010765790939331055
0.019338130950927734
0.011817216873168945
0.012840747833251953
0.011315345764160156
0.011568069458007812
0.011887788772583008
0.012756586074829102
0.009588479995727539
0.012713432312011719
0.014896392822265625
0.013731718063354492
0.010689020156860352
0.01181340217590332
0.014538288116455078
0.011289834976196289
0.011692285537719727
0.013779163360595703
0.016197919845581055
0.015609264373779297
0.012285232543945312
0.011745929718017578
0.011328458786010742
0.012350082397460938
0.012755870819091797
0.011479854583740234
0.011044979095458984
0.017174720764160156
0.02086329460144043
0.015311002731323242
0.021019935607910156
0.012379169464111328
0.01102900505065918
0.01425933837890625
0.015594005584716797
0.012369871139526367
0.011620759963989258
0.014286041259765625
0.010051727294921875
0.017889976501464844
0.014572858810424805
0.010440826416015625
0.017857074737548828
0.011662960052490234
0.012874841690063477
0.014457941055297852
0.014503240585327148
0.014458417892456055
0.010812520980834961
0.015469789505004883
0.010301589965820312
0.010642528533935547
0.013933181762695312
0.01587367057800293
0.012054920196533203
0.015036821365356445
0.011249542236328125
0.010900020599365234
0.015362977981567383
0.014152288436889648
0.011884927749633789
0.013730764389038086
0.011200428009033203
0.012356281280517578
0.01310586929321289
0.014189004898071289
0.015120267868041992
0.010665178298950195
0.015046119689941406
0.010773181915283203
0.013962507247924805
0.012605428695678711
0.013755559921264648
0.012995004653930664
0.014798164367675781
0.01533961296081543
0.013840198516845703
0.010330677032470703
0.013677358627319336
0.0168607234954834
0.010559320449829102
0.01125192642211914
0.013958454132080078
0.010777473449707031
0.014025449752807617
0.013434648513793945
0.014394044876098633
0.014720916748046875
0.013360261917114258
0.014124155044555664
0.010668754577636719
0.016967058181762695
0.010915279388427734
0.01343989372253418
0.014742374420166016
0.011007547378540039
0.012265443801879883
0.014681100845336914
0.011070966720581055
0.011025428771972656
0.014694929122924805
0.011841297149658203
0.01399993896484375
0.010671377182006836
0.010881185531616211
0.01401972770690918
0.014306068420410156
0.010737180709838867
0.016878366470336914
0.011080026626586914
0.010383129119873047
0.014279842376708984
0.010502099990844727
0.013639211654663086
0.013280153274536133
0.013803720474243164
0.016220808029174805
0.014349699020385742
0.010943174362182617
0.010833501815795898
0.010826349258422852
0.013684272766113281
0.015796899795532227
0.01362919807434082
0.014306068420410156
0.013692378997802734
0.013593196868896484
0.010831356048583984
0.015611886978149414
0.011126995086669922
0.010748624801635742
0.018166780471801758
0.013818979263305664
0.015052318572998047
0.011136770248413086
0.014206409454345703
0.015143632888793945
0.012370586395263672
0.014574289321899414
0.010722160339355469
0.01505279541015625
0.01138758659362793
0.010772943496704102
0.01838088035583496
0.011052131652832031
0.011567831039428711
0.011471986770629883
0.019087791442871094
0.014364004135131836
0.014489889144897461
0.011051416397094727
0.0137176513671875
0.011564970016479492
0.01493072509765625
0.013757705688476562
0.013032197952270508
0.013211488723754883
0.013488292694091797
0.017726898193359375
0.016777515411376953
0.012485265731811523
0.016074419021606445
0.015737295150756836
0.015634536743164062
0.015845298767089844
0.011724233627319336
0.012319564819335938
0.015201807022094727
0.012417793273925781
0.012788772583007812
0.014790773391723633
0.011363029479980469
0.014924764633178711
0.011387109756469727
0.011587142944335938
0.014937877655029297
0.011601924896240234
0.01201772689819336
0.011932134628295898
0.011838436126708984
0.01363825798034668
0.013304471969604492
0.011247873306274414
0.011445760726928711
0.01147913932800293
0.01554250717163086
0.011429071426391602
0.01111745834350586
0.011446952819824219
0.011259794235229492
0.011136293411254883
0.013445138931274414
0.01547694206237793
0.010601043701171875
0.012066841125488281
0.015312910079956055
0.011796951293945312
0.012401103973388672
0.011584043502807617
0.011144638061523438
0.013732194900512695
0.011506795883178711
0.016512155532836914
0.011576652526855469
0.012694120407104492
0.011319875717163086
0.014739990234375
0.016530752182006836
0.011286020278930664
0.011519908905029297
0.014071226119995117
0.011525392532348633
0.015532732009887695
0.011365413665771484
0.014242887496948242
0.01379847526550293
0.013636589050292969
0.014987468719482422
0.013417482376098633
0.01318669319152832
0.015166997909545898
0.011533260345458984
0.015992403030395508
0.013808727264404297
0.014086484909057617
0.014743328094482422
0.014016389846801758
0.01317286491394043
0.011349916458129883
0.013135671615600586
0.017936229705810547
0.014832258224487305
0.013242959976196289
0.01343393325805664
0.014496564865112305
0.013339996337890625
0.011224031448364258
0.010991811752319336
0.015276193618774414
0.011014938354492188
0.011786937713623047
0.014244318008422852
0.014875173568725586
0.011393547058105469
0.011497735977172852
0.011265039443969727
0.01133871078491211
0.013511896133422852
0.011002540588378906
0.018984317779541016
0.015180587768554688
0.015123844146728516
0.01609659194946289
0.014685630798339844
0.014360904693603516
0.015421390533447266
0.014503717422485352
0.01149892807006836
0.015188932418823242
0.014481067657470703
0.015413045883178711
0.011637210845947266
0.015046358108520508
0.019088029861450195
0.01183176040649414
0.014652729034423828
0.014480113983154297
0.014955997467041016
0.015594959259033203
0.01461482048034668
0.011341094970703125
0.017554759979248047
0.01500248908996582
0.011212825775146484
0.01114511489868164
0.014283418655395508
0.01528787612915039
0.01112818717956543
0.014316797256469727
0.011499404907226562
0.015313386917114258
0.014492988586425781
0.013737201690673828
0.01478123664855957
0.013721942901611328
0.013995170593261719
0.015253543853759766
0.01354360580444336
0.010980844497680664
0.014801502227783203
0.013538360595703125
0.011106014251708984
0.0157930850982666
0.015004396438598633
0.013275861740112305
0.013130664825439453
0.015214204788208008
0.013570547103881836
0.01431417465209961
0.015321969985961914
0.015199422836303711
0.014917612075805664
0.0152740478515625
0.010973453521728516
0.014291524887084961
0.014657735824584961
0.013834714889526367
0.015013694763183594
0.015033960342407227
0.014069080352783203
0.01137089729309082
0.014690876007080078
0.013402462005615234
0.013897895812988281
0.014470815658569336
0.011729001998901367
0.014580011367797852
0.015091657638549805
0.015072822570800781
0.014433860778808594
0.011257410049438477
0.014401674270629883
0.014052629470825195
0.011128664016723633
0.013500213623046875
0.013848543167114258
0.0134735107421875
0.013859987258911133
0.011245965957641602
0.013818502426147461
0.022908926010131836
0.012475013732910156
0.015731334686279297
0.0118865966796875
0.012188911437988281
0.015393257141113281
0.015619277954101562
0.014482975006103516
0.01192474365234375
0.01551365852355957
0.011885643005371094
0.015228033065795898
0.014704704284667969
0.012302398681640625
0.014609098434448242
0.013499021530151367
0.012211084365844727
0.01165914535522461
0.011092185974121094
0.012067079544067383
0.014762163162231445
0.014646053314208984
0.014075040817260742
0.013715267181396484
0.01197361946105957
0.014412403106689453
0.012809514999389648
0.012316703796386719
0.012362241744995117
0.012626409530639648
0.010968685150146484
0.011769294738769531
0.012727499008178711
0.01256108283996582
0.012769222259521484
0.010836601257324219
0.012768268585205078
0.010624170303344727
0.010905981063842773
0.020063400268554688
0.02073049545288086
0.0217440128326416
0.0228426456451416
0.021908283233642578
0.024821758270263672
0.014397621154785156
0.01490473747253418
0.01598668098449707
0.02103734016418457
0.021769046783447266
0.014683961868286133
0.0223846435546875
0.017709970474243164
0.02012181282043457
0.013782024383544922
0.01925516128540039
0.01984691619873047
0.02064824104309082
0.020512104034423828
0.02050042152404785
0.020266056060791016
0.026188135147094727
0.018321990966796875
0.01984381675720215
0.018198728561401367
0.013364791870117188
0.020350217819213867
0.020317554473876953
0.013860940933227539
0.013035058975219727
0.013564586639404297
0.012633085250854492
0.013115406036376953
0.022487640380859375
0.013141632080078125
0.01265096664428711
0.012835025787353516
0.016751766204833984
0.013000011444091797
0.013027667999267578
0.012553930282592773
0.014203786849975586
0.016429901123046875
0.012850284576416016
0.011951208114624023
0.012689352035522461
0.016409873962402344
0.012139081954956055
0.012429952621459961
0.022037982940673828
0.012237071990966797
0.01220393180847168
0.012635469436645508
0.02281808853149414
0.011854410171508789
0.012007474899291992
0.012677192687988281
0.017114877700805664
0.013784646987915039
0.012998104095458984
0.01205301284790039
0.016402244567871094
0.01227712631225586
0.02227473258972168
0.011428594589233398
0.020342111587524414
0.016835451126098633
0.019637107849121094
0.014789342880249023
0.01909494400024414
0.020318269729614258
0.021012067794799805
0.014286994934082031
0.013447284698486328
0.01951146125793457
0.012866497039794922
0.022635459899902344
0.012999773025512695
0.021350860595703125
0.019779682159423828
0.012618780136108398
0.0199587345123291
0.016913175582885742
0.022435426712036133
0.02135944366455078
0.011832237243652344
0.019074440002441406
0.011741876602172852
0.019286155700683594
0.01408839225769043
0.013921260833740234
0.012198209762573242
0.01364898681640625
0.011728286743164062
0.02079176902770996
0.011401176452636719
0.012665033340454102
0.021106243133544922
0.022464513778686523
0.01573801040649414
0.012383222579956055
0.013861894607543945
0.014380693435668945
0.012427330017089844
0.01400303840637207
0.015995264053344727
0.019036054611206055
0.01979684829711914
0.011834144592285156
0.020634889602661133
0.011965513229370117
0.019824981689453125
0.01960587501525879
0.012281417846679688
0.012529373168945312
0.02081775665283203
0.02023768424987793
0.013768196105957031
0.012630939483642578
0.015606164932250977
0.01902914047241211
0.01897263526916504
0.01919722557067871
0.013098001480102539
0.013073444366455078
0.01892256736755371
0.012450933456420898
0.012521743774414062
0.012481927871704102
0.012719154357910156
0.019331932067871094
0.012600898742675781
0.012306928634643555
0.015944719314575195
0.018096208572387695
0.016379356384277344
0.012447834014892578
0.011958599090576172
0.01312565803527832
0.012278079986572266
0.012083768844604492
0.011808156967163086
0.012272834777832031
0.012969970703125
0.0128631591796875
0.01318979263305664
0.012172698974609375
0.013402700424194336
0.012034177780151367
0.016592025756835938
0.013053655624389648
0.012690544128417969
0.017458200454711914
0.012451887130737305
0.012624502182006836
0.012445449829101562
0.01198434829711914
0.011952638626098633
0.01979207992553711
0.012430906295776367
0.020282745361328125
0.023196697235107422
0.022670269012451172
0.013943195343017578
0.014353752136230469
0.020092248916625977
0.021218061447143555
0.013831377029418945
0.01369619369506836
0.0202181339263916
0.020104169845581055
0.020502090454101562
0.019687891006469727
0.020251750946044922
0.0200045108795166
0.018825531005859375
0.013129949569702148
0.018720149993896484
0.012667655944824219
0.01409602165222168
0.013003349304199219
0.01352071762084961
0.012551307678222656
0.013444900512695312
0.016719341278076172
0.01286625862121582
0.011841773986816406
0.012038230895996094
0.016757965087890625
0.012529373168945312
0.012444496154785156
0.012117147445678711
0.012156963348388672
0.012890100479125977
0.01287698745727539
0.015906572341918945
0.012800216674804688
0.012377023696899414
0.016998291015625
0.0143890380859375
0.015925884246826172
0.014101505279541016
0.015307903289794922
0.014097213745117188
0.014992237091064453
0.014412403106689453
0.013799190521240234
0.014935970306396484
0.014162302017211914
0.013912439346313477
0.014636993408203125
0.013572931289672852
0.013844490051269531
0.01414942741394043
0.013936281204223633
0.013348579406738281
0.013179540634155273
0.014806985855102539
0.013087034225463867
0.013233423233032227
0.014599323272705078
0.013145208358764648
0.012944459915161133
0.014182329177856445
0.012787103652954102
0.01381230354309082
0.013781309127807617
0.013808012008666992
0.012372016906738281
0.013571977615356445
0.012453794479370117
0.014353513717651367
0.012306690216064453
0.012818098068237305
0.013797283172607422
0.014244556427001953
0.012200355529785156
0.013804197311401367
0.011608123779296875
0.012622356414794922
0.013596296310424805
0.012198209762573242
0.013962745666503906
0.012933731079101562
0.011783123016357422
0.013025999069213867
0.011788129806518555
0.012663841247558594
0.0136871337890625
0.013223648071289062
0.011851072311401367
0.01301717758178711
0.01293039321899414
0.013573408126831055
0.01231527328491211
0.013486623764038086
0.012511014938354492
0.012104988098144531
0.013023138046264648
0.012035369873046875
0.013044357299804688
0.011973857879638672
0.013759613037109375
0.01216578483581543
0.013401508331298828
0.012172698974609375
0.011932611465454102
0.013149261474609375
0.013865232467651367
0.013294219970703125
0.01370859146118164
0.01337432861328125
0.01307225227355957
0.013018608093261719
0.014206647872924805
0.012567996978759766
0.013318300247192383
0.013036966323852539
0.013596057891845703
0.012679815292358398
0.012861490249633789
0.012428998947143555
0.011975765228271484
0.013662576675415039
0.013214588165283203
0.012219429016113281
0.014187812805175781
0.011990547180175781
0.013489484786987305
0.012778997421264648
0.013676166534423828
0.012550115585327148
0.014242172241210938
0.01277613639831543
0.014473915100097656
0.013285398483276367
0.0129241943359375
0.01354360580444336
0.012990474700927734
0.013138532638549805
0.013833761215209961
0.012131214141845703
0.013509988784790039
0.013393163681030273
0.012752771377563477
0.014012575149536133
0.012112855911254883
0.013036966323852539
0.013420581817626953
0.012201547622680664
0.013445377349853516
0.011864185333251953
0.012946367263793945
0.013694286346435547
0.012166500091552734
0.013498067855834961
0.011607646942138672
0.013014078140258789
0.011893987655639648
0.013705253601074219
0.013300895690917969
0.012466907501220703
0.011784791946411133
0.013354063034057617
0.012674808502197266
0.013415098190307617
0.012411355972290039
0.013531208038330078
0.01281881332397461
0.012916088104248047
0.01318979263305664
0.011855363845825195
0.012656450271606445
0.012014150619506836
0.01332712173461914
0.01293325424194336
0.01177835464477539
0.012449979782104492
0.013276100158691406
0.013201475143432617
0.011475801467895508
0.012968063354492188
0.01241922378540039
0.012244939804077148
0.013114452362060547
0.013283014297485352
0.011955976486206055
0.012954235076904297
0.012256622314453125
0.012411117553710938
0.012902975082397461
0.012443304061889648
0.012344598770141602
0.012244224548339844
0.0120697021484375
0.012408018112182617
0.012316226959228516
0.012427091598510742
0.01313638687133789
0.014561176300048828
0.01390695571899414
0.01389932632446289
0.013355016708374023
0.013618946075439453
0.01430964469909668
0.014032840728759766
0.013640642166137695
0.0144195556640625
0.013984203338623047
0.013709545135498047
0.013787269592285156
0.01329350471496582
0.013276338577270508
0.012884855270385742
0.013265609741210938
0.013616323471069336
0.013390541076660156
0.012867927551269531
0.012701272964477539
0.013718843460083008
0.012548685073852539
0.012384891510009766
0.013185262680053711
0.01232004165649414
0.01202535629272461
0.012987375259399414
0.012300729751586914
0.01241755485534668
0.013130903244018555
0.012861251831054688
0.01320958137512207
0.012513399124145508
0.012989997863769531
0.012751579284667969
0.012248516082763672
0.012688398361206055
0.012691974639892578
0.012247323989868164
0.012929439544677734
0.013685941696166992
0.015543699264526367
0.013096809387207031
0.014290332794189453
0.015508890151977539
0.013386964797973633
0.014581680297851562
0.015803098678588867
0.01390528678894043
0.014066696166992188
0.015471935272216797
0.013041496276855469
0.014247894287109375
0.015166759490966797
0.013057231903076172
0.013574361801147461
0.015113115310668945
0.013428449630737305
0.013231515884399414
0.013622522354125977
0.015487194061279297
0.013526678085327148
0.013464927673339844
0.015125274658203125
0.013576984405517578
0.013274669647216797
0.015066385269165039
0.012820959091186523
0.012581348419189453
0.014536857604980469
0.012431144714355469
0.012624740600585938
0.014074563980102539
0.012631893157958984
0.012887239456176758
0.014402389526367188
0.012537956237792969
0.01446843147277832
0.012566566467285156
0.012315750122070312
0.013926029205322266
0.01172494888305664
0.012965202331542969
0.013375997543334961
0.013643741607666016
0.011633634567260742
0.01304316520690918
0.013090848922729492
0.012151241302490234
0.012413740158081055
0.011873722076416016
0.013521671295166016
0.013946771621704102
0.012058496475219727
0.012068033218383789
0.013376951217651367
0.011977672576904297
0.013331413269042969
0.012227058410644531
0.01297307014465332
0.013028860092163086
0.011820077896118164
0.012988805770874023
0.012558221817016602
0.013030052185058594
0.013144493103027344
0.014918088912963867
0.013575315475463867
0.013648271560668945
0.01331782341003418
0.013158559799194336
0.013385772705078125
0.013024091720581055
0.012624979019165039
0.01300358772277832
0.014503002166748047
0.01252603530883789
0.014064311981201172
0.01260232925415039
0.01369476318359375
0.01282358169555664
0.013683795928955078
0.012177228927612305
0.012233972549438477
0.014451265335083008
0.01379847526550293
0.01208949089050293
0.011688470840454102
0.013059139251708984
0.014300107955932617
0.014423131942749023
0.011502742767333984
0.011767387390136719
0.013121366500854492
0.013833999633789062
0.01356649398803711
0.012767791748046875
0.014039754867553711
0.012507915496826172
0.013268470764160156
0.014083623886108398
0.012399673461914062
0.013891935348510742
0.013455390930175781
0.012401580810546875
0.013872861862182617
0.012523412704467773
0.013376951217651367
0.013273000717163086
0.01164865493774414
0.012988805770874023
0.011723756790161133
0.013145685195922852
0.013402938842773438
0.012454748153686523
0.012578964233398438
0.012178421020507812
0.013616800308227539
0.012085199356079102
0.012457847595214844
0.01333928108215332
0.011890649795532227
0.012527942657470703
0.013480663299560547
0.013826608657836914
0.012785911560058594
0.013213872909545898
0.013403177261352539
0.013419151306152344
0.013825178146362305
0.013187646865844727
0.012321233749389648
0.013312578201293945
0.012975692749023438
0.012868642807006836
0.012393951416015625
0.013607501983642578
0.013390541076660156
0.012288093566894531
0.012387514114379883
0.012668848037719727
0.011901378631591797
0.013400077819824219
0.012761831283569336
0.013063669204711914
0.012316465377807617
0.012290239334106445
0.013447761535644531
0.011749505996704102
0.013557910919189453
0.011631965637207031
0.012735366821289062
0.012443304061889648
0.013032197952270508
0.01171112060546875
0.012721061706542969
0.012883424758911133
0.01276850700378418
0.013333797454833984
0.012176752090454102
0.013610124588012695
0.013006925582885742
0.012380361557006836
0.012847423553466797
0.014105796813964844
0.012611627578735352
0.012630462646484375
0.011637210845947266
0.012552738189697266
0.012794017791748047
0.014754295349121094
0.012137651443481445
0.013281822204589844
0.012501239776611328
0.013106107711791992
0.013588428497314453
0.013085126876831055
0.012208938598632812
0.013467073440551758
0.012111425399780273
0.01224827766418457
0.01215219497680664
0.01364278793334961
0.012124776840209961
0.013009309768676758
0.013137578964233398
0.013821601867675781
0.013594865798950195
0.013313055038452148
0.013708353042602539
0.013542652130126953
0.013161182403564453
0.013145208358764648
0.013119697570800781
0.01244807243347168
0.012893438339233398
0.01210474967956543
0.012634038925170898
0.011660099029541016
0.012505054473876953
0.014881610870361328
0.014977216720581055
0.015611648559570312
0.013670921325683594
0.014074563980102539
0.013864994049072266
0.015137672424316406
0.013507843017578125
0.014551162719726562
0.0135650634765625
0.013796091079711914
0.013420820236206055
0.013777732849121094
0.014055490493774414
0.013570547103881836
0.013281822204589844
0.013411998748779297
0.013555765151977539
0.01415705680847168
0.013604402542114258
0.014011144638061523
0.013477563858032227
0.01360630989074707
0.013355731964111328
0.012694597244262695
0.013764142990112305
0.013453483581542969
0.013774633407592773
0.012708663940429688
0.012279033660888672
0.012968778610229492
0.013497591018676758
0.012449979782104492
0.012169599533081055
0.012969493865966797
0.012763500213623047
0.011740922927856445
0.014930009841918945
0.012831926345825195
0.011830329895019531
0.012918472290039062
0.01314997673034668
0.012016057968139648
0.0113983154296875
0.012053728103637695
0.012545108795166016
0.01499629020690918
0.012552976608276367
0.011585474014282227
0.01282358169555664
0.011543035507202148
0.012202262878417969
0.013486146926879883
0.012067794799804688
0.01155710220336914
0.012630939483642578
0.011742115020751953
0.011749982833862305
0.013361692428588867
0.01195836067199707
0.012138605117797852
0.013393163681030273
0.012240409851074219
0.011782646179199219
0.012169361114501953
0.013508796691894531
0.013849496841430664
0.013758659362792969
0.014858007431030273
0.013300180435180664
0.014189004898071289
0.012802362442016602
0.013300657272338867
0.013206958770751953
0.014030218124389648
0.013656139373779297
0.012921571731567383
0.013849020004272461
0.013734579086303711
0.013691425323486328
0.013218879699707031
0.012506484985351562
0.013528585433959961
0.01332545280456543
0.012044668197631836
0.011930704116821289
0.01331186294555664
0.01239919662475586
0.01324152946472168
0.012064218521118164
0.013100147247314453
0.012009859085083008
0.012823343276977539
0.014011621475219727
0.011913537979125977
0.012840032577514648
0.013657331466674805
0.0135498046875
0.012799501419067383
0.013567209243774414
0.013201236724853516
0.013011693954467773
0.013791322708129883
0.013381004333496094
0.012561798095703125
0.012670278549194336
0.013873577117919922
0.012361288070678711
0.013329029083251953
0.012499570846557617
0.013351678848266602
0.012659549713134766
0.013201475143432617
0.011623382568359375
0.012564659118652344
0.013349771499633789
0.01324152946472168
0.011689424514770508
0.012357234954833984
0.012176036834716797
0.013840913772583008
0.013594627380371094
0.012669563293457031
0.011497020721435547
0.013239145278930664
0.01155543327331543
0.012778282165527344
0.013921022415161133
0.012508153915405273
0.013360261917114258
0.012021303176879883
0.013753652572631836
0.011772871017456055
0.013448238372802734
0.01347208023071289
0.013371706008911133
0.012003660202026367
0.012087583541870117
0.013493061065673828
0.013162851333618164
0.01143956184387207
0.013896942138671875
0.012367010116577148
0.0128936767578125
0.013402700424194336
0.013271093368530273
0.01284337043762207
0.01287221908569336
0.012959480285644531
0.01286935806274414
0.01300668716430664
0.012913942337036133
0.01282358169555664
0.013005495071411133
0.01294565200805664
0.012626409530639648
0.012923002243041992
0.012415885925292969
0.012495994567871094
0.011719942092895508
0.012619972229003906
0.012093782424926758
0.012532472610473633
0.012093782424926758
0.012499332427978516
0.012452363967895508
0.01241445541381836
0.01223897933959961
0.012043237686157227
0.01173257827758789
0.012256622314453125
0.012497663497924805
0.011436223983764648
0.013716936111450195
0.012506484985351562
0.01237940788269043
0.012445926666259766
0.013656139373779297
0.01235651969909668
0.011967897415161133
0.012050867080688477
0.013319730758666992
0.012227535247802734
0.013252019882202148
0.01311635971069336
0.013285160064697266
0.013623952865600586
0.013576745986938477
0.013797760009765625
0.0134124755859375
0.012990236282348633
0.01299595832824707
0.013149261474609375
0.013173580169677734
0.012622594833374023
0.012470722198486328
0.012255430221557617
0.012058258056640625
0.012105941772460938
0.01249074935913086
