0.2994096279144287
0.048317909240722656
0.04517197608947754
0.32053613662719727
0.0423884391784668
0.03758978843688965
0.0525515079498291
0.035333871841430664
0.04867386817932129
0.03349447250366211
0.03161501884460449
0.045088768005371094
0.03022480010986328
0.041945457458496094
0.029003143310546875
0.025356769561767578
0.43599510192871094
0.04002499580383301
0.023299455642700195
0.02179551124572754
0.0421905517578125
0.057356834411621094
0.020540237426757812
0.019792556762695312
0.03591418266296387
0.01840806007385254
0.05314373970031738
0.03400850296020508
0.017655134201049805
0.016680002212524414
0.016674280166625977
0.03250932693481445
0.04935002326965332
0.015503168106079102
0.39914536476135254
0.02878427505493164
0.04704022407531738
0.027811527252197266
0.026439189910888672
0.06575751304626465
0.04434561729431152
0.02438211441040039
0.023796558380126953
0.04118466377258301
0.02279949188232422
0.06240653991699219
0.020624399185180664
0.039870500564575195
0.021198511123657227
0.03687715530395508
0.019685029983520508
0.057242631912231445
0.019240140914916992
0.47113800048828125
0.03502941131591797
0.05215764045715332
0.03069305419921875
0.02861785888671875
0.07026219367980957
0.05038595199584961
0.026942968368530273
0.025708675384521484
0.04696369171142578
0.024004459381103516
0.06462740898132324
0.023935317993164062
0.044579267501831055
0.02227473258972168
0.020458698272705078
0.05999398231506348
0.041463613510131836
0.4113900661468506
0.020429611206054688
0.019607067108154297
0.040100812911987305
0.05632376670837402
0.03592419624328613
0.08606433868408203
0.052832841873168945
0.03327655792236328
0.030826091766357422
0.050176382064819336
0.02936387062072754
0.07820820808410645
0.41780710220336914
0.02741241455078125
0.04749703407287598
0.025362491607666016
0.027746915817260742
0.07501363754272461
0.045679569244384766
0.02332925796508789
0.09406018257141113
0.02239060401916504
0.04844212532043457
0.021471261978149414
0.06899404525756836
0.04034280776977539
0.08655858039855957
0.03514528274536133
0.06355452537536621
0.03194308280944824
0.030734539031982422
0.06022787094116211
0.07883334159851074
0.02888631820678711
0.027413606643676758
0.0565495491027832
0.02601313591003418
0.40702176094055176
0.07332611083984375
0.024859905242919922
0.05405449867248535
0.024213075637817383
0.022960901260375977
0.06960105895996094
0.05197262763977051
0.1238241195678711
0.06681036949157715
0.046318769454956055
0.04253530502319336
0.0620427131652832
0.04012441635131836
0.11269283294677734
0.06053805351257324
0.03826451301574707
0.037952423095703125
0.0568392276763916
0.0342252254486084
0.10430169105529785
0.03274989128112793
0.0506589412689209
0.030360937118530273
0.04572868347167969
0.029771089553833008
0.4463536739349365
0.029282331466674805
0.09791278839111328
0.044258832931518555
0.041217803955078125
0.03949904441833496
0.09167003631591797
0.12702131271362305
0.037010908126831055
0.03441143035888672
0.0851895809173584
0.034911394119262695
0.03213810920715332
0.11814522743225098
0.03017568588256836
0.08085107803344727
0.07850337028503418
0.10681343078613281
0.07277131080627441
0.09919190406799316
0.0642707347869873
0.05990791320800781
0.09567952156066895
0.05590367317199707
0.08894586563110352
0.05111050605773926
0.05060386657714844
0.08275461196899414
0.047016143798828125
0.04563760757446289
0.08109188079833984
0.04133272171020508
0.04064798355102539
0.07505464553833008
0.0394740104675293
0.06816220283508301
0.06396031379699707
0.05853605270385742
0.05548429489135742
0.05227398872375488
0.49396753311157227
0.04954719543457031
0.04784870147705078
0.04515528678894043
0.04313969612121582
0.04125404357910156
0.17486882209777832
0.16188812255859375
0.14925575256347656
0.14113759994506836
0.12881731986999512
0.12199687957763672
0.07880234718322754
0.0735468864440918
0.11469221115112305
0.06752586364746094
0.06292319297790527
0.10886907577514648
0.057184696197509766
0.10650444030761719
0.05367445945739746
0.05662059783935547
0.09476089477539062
0.05086326599121094
0.08427572250366211
0.08592653274536133
0.047052621841430664
0.045499563217163086
0.07475829124450684
0.07860827445983887
0.040364742279052734
0.06199765205383301
0.03700590133666992
0.06829190254211426
0.07417511940002441
0.03452348709106445
0.04643583297729492
0.06381678581237793
0.03263425827026367
0.04323244094848633
0.06925249099731445
0.031072616577148438
0.04079031944274902
0.02939605712890625
0.059812307357788086
0.06538915634155273
0.027095556259155273
0.04248452186584473
0.024663448333740234
0.05364108085632324
0.035672664642333984
0.06215381622314453
0.025770187377929688
0.033190011978149414
0.02433013916015625
0.05296921730041504
0.059801578521728516
0.03264212608337402
0.04930710792541504
0.03144192695617676
0.058896780014038086
0.029701709747314453
0.047829389572143555
0.02580428123474121
0.024091005325317383
0.05577874183654785
0.04549455642700195
0.022311925888061523
0.021939992904663086
0.040018320083618164
0.020251035690307617
0.01948833465576172
0.03708934783935547
0.018539905548095703
0.018456459045410156
0.03550910949707031
0.016653776168823242
0.015874624252319336
0.03287959098815918
0.03060460090637207
0.09867167472839355
0.029303312301635742
0.028460264205932617
0.026292800903320312
0.025736331939697266
0.08657288551330566
0.02468276023864746
0.08001303672790527
0.07459545135498047
0.06970930099487305
0.06681632995605469
0.06317758560180664
0.05846452713012695
0.05643868446350098
0.053701162338256836
0.047484397888183594
0.044660329818725586
0.04073810577392578
0.037993669509887695
0.03590798377990723
0.03370952606201172
0.03299093246459961
0.07428383827209473
0.03179049491882324
0.029920339584350586
0.12004685401916504
0.06438851356506348
0.028444766998291016
0.05985212326049805
0.09747457504272461
0.05448174476623535
0.051305532455444336
0.08941483497619629
0.047605276107788086
0.04483437538146973
0.08239173889160156
0.054750919342041016
0.03923463821411133
0.08142900466918945
0.0805063247680664
0.04005241394042969
0.03481006622314453
0.07042837142944336
0.07323288917541504
0.03218245506286621
0.02858114242553711
0.02840423583984375
0.06559586524963379
0.07225966453552246
0.0268247127532959
0.025007247924804688
0.023497343063354492
0.06153059005737305
0.0654294490814209
0.024028301239013672
0.022501707077026367
0.08247160911560059
0.021502971649169922
0.05745863914489746
0.06169271469116211
0.053583383560180664
0.0722651481628418
0.0583040714263916
0.050681114196777344
0.0682826042175293
0.051949501037597656
0.04894280433654785
0.048355817794799805
0.062320709228515625
0.04893040657043457
0.04465484619140625
0.0579533576965332
0.04425835609436035
0.04172992706298828
0.05383920669555664
0.03999590873718262
0.039563655853271484
0.03815197944641113
0.03579068183898926
0.051260948181152344
0.03590655326843262
0.0338129997253418
0.0482182502746582
0.032109975814819336
0.0337216854095459
0.04596972465515137
0.029497623443603516
0.03230762481689453
0.028540611267089844
0.03231167793273926
0.04416847229003906
0.026157140731811523
0.03920149803161621
0.02586960792541504
0.02487945556640625
0.03609919548034668
0.02328038215637207
0.04137253761291504
0.03267407417297363
0.030622482299804688
0.028275012969970703
0.02764129638671875
0.025902271270751953
0.025405406951904297
0.024103403091430664
0.10758852958679199
0.09532999992370605
0.08556890487670898
0.08067631721496582
0.0734410285949707
0.06953692436218262
0.06491899490356445
0.06182241439819336
0.059537649154663086
0.05622434616088867
0.0489194393157959
0.04590964317321777
0.06465458869934082
0.04599738121032715
0.055925846099853516
0.04060006141662598
0.051809072494506836
0.03866887092590332
0.03622889518737793
0.04824352264404297
0.034247398376464844
0.04529452323913574
0.03264188766479492
0.0423579216003418
0.03174233436584473
0.02975296974182129
0.03954625129699707
0.037477970123291016
0.03342437744140625
0.03162693977355957
0.027317285537719727
0.026533126831054688
0.025213003158569336
0.02391505241394043
0.022420406341552734
0.02127218246459961
0.020537376403808594
0.01950669288635254
0.018663406372070312
0.01819896697998047
0.2774808406829834
0.28137755393981934
0.27884769439697266
0.2457726001739502
0.24416327476501465
0.24498820304870605
0.22410011291503906
0.22919654846191406
0.22489237785339355
0.20948386192321777
0.2121438980102539
0.20932340621948242
0.19747185707092285
0.19475221633911133
0.1960158348083496
0.18387532234191895
0.2780618667602539
0.18312978744506836
0.1834728717803955
0.17215704917907715
0.1716461181640625
0.17299723625183105
0.2437145709991455
0.16672658920288086
0.16558337211608887
0.16854333877563477
0.15434813499450684
0.2987680435180664
0.22599554061889648
0.15391039848327637
0.1565239429473877
0.14744281768798828
0.14796924591064453
0.2077033519744873
0.24783039093017578
0.1289505958557129
0.14932966232299805
0.1311945915222168
0.12160563468933105
0.13032984733581543
0.19457054138183594
0.12037205696105957
0.11114072799682617
0.23165678977966309
0.12359929084777832
0.11234307289123535
0.10562443733215332
0.28106212615966797
0.18313097953796387
0.2941915988922119
0.10470223426818848
0.11342787742614746
0.09802651405334473
0.21506261825561523
0.1002051830291748
0.10413622856140137
0.09427976608276367
0.1714916229248047
0.0936741828918457
0.08906316757202148
0.10017609596252441
0.25127077102661133
0.08967995643615723
0.24520039558410645
0.08479499816894531
0.19744157791137695
0.16593575477600098
0.0940251350402832
0.08410286903381348
0.08271670341491699
0.08897972106933594
0.08042740821838379
0.07817745208740234
0.1548607349395752
0.2780790328979492
0.2295842170715332
0.07667064666748047
0.08426690101623535
0.18302488327026367
0.22645974159240723
0.08102536201477051
0.14702057838439941
0.0771784782409668
0.24854111671447754
0.17363524436950684
0.21056342124938965
0.2111804485321045
0.12907791137695312
0.12013435363769531
0.1763601303100586
0.22746896743774414
0.19735240936279297
0.1982123851776123
0.11172342300415039
0.15770912170410156
0.2079944610595703
0.1037139892578125
0.18546009063720703
0.1854538917541504
0.10094809532165527
0.1479175090789795
0.1954810619354248
0.09363222122192383
0.1739492416381836
0.173691987991333
0.12717604637145996
0.08915162086486816
0.17848634719848633
0.08441638946533203
0.12338972091674805
0.17318129539489746
0.08123111724853516
0.17406964302062988
0.17324471473693848
0.07743573188781738
0.11433076858520508
0.1595921516418457
0.15588927268981934
0.16814088821411133
0.10541009902954102
0.10006570816040039
0.15000033378601074
0.1577746868133545
0.14935064315795898
0.09317684173583984
0.14256834983825684
0.13350296020507812
0.12677526473999023
0.087860107421875
0.13344120979309082
0.2788126468658447
0.08607935905456543
0.1223447322845459
0.12424588203430176
0.12032485008239746
0.08092784881591797
0.11638212203979492
0.11134529113769531
0.07827115058898926
0.11282753944396973
0.10628509521484375
0.10266852378845215
0.24594664573669434
0.10427570343017578
0.2794530391693115
0.10066652297973633
0.1011970043182373
0.0971062183380127
0.09359979629516602
0.09558725357055664
0.0945124626159668
0.23208165168762207
0.08726954460144043
0.08982348442077637
0.09040451049804688
0.08905649185180664
0.24619293212890625
0.0855722427368164
0.08851838111877441
0.08412766456604004
0.08431243896484375
0.08497905731201172
0.20743203163146973
0.07988452911376953
0.07845330238342285
0.08021378517150879
0.22629499435424805
0.19473934173583984
0.21141695976257324
0.18150019645690918
0.17871546745300293
0.20393610000610352
0.17224860191345215
0.18558430671691895
0.15580391883850098
0.1737809181213379
0.15021347999572754
0.17160987854003906
0.13287973403930664
0.12344026565551758
0.15871047973632812
0.10824394226074219
0.14847302436828613
0.10460877418518066
0.09945344924926758
0.12891030311584473
0.09406065940856934
0.12293410301208496
0.09203577041625977
0.11416864395141602
0.08676981925964355
0.08075714111328125
0.1053619384765625
0.07324528694152832
0.09707093238830566
0.09274411201477051
0.08893585205078125
0.08605766296386719
0.08123302459716797
0.07792162895202637
0.2754392623901367
0.2443540096282959
0.2859177589416504
0.2774691581726074
0.22543621063232422
0.2552192211151123
0.21191859245300293
0.2452402114868164
0.23548102378845215
0.19673752784729004
0.22583603858947754
0.2160792350769043
0.18184685707092285
0.21273422241210938
0.20181608200073242
0.17196130752563477
0.28029489517211914
0.19865059852600098
0.18823575973510742
0.16820406913757324
0.18222951889038086
0.24415135383605957
0.17774033546447754
0.1564011573791504
0.17418551445007324
0.17250657081604004
0.1478114128112793
0.22663140296936035
0.16833829879760742
0.1610546112060547
0.12897634506225586
0.2742612361907959
0.2078392505645752
0.12276887893676758
0.1549234390258789
0.15091347694396973
0.11360716819763184
0.1344742774963379
0.14876174926757812
0.24390435218811035
0.19567036628723145
0.10601019859313965
0.12313699722290039
0.13008379936218262
0.09857916831970215
0.11602020263671875
0.18493390083312988
0.12156367301940918
0.22513628005981445
0.09365057945251465
0.10738587379455566
0.08870911598205566
0.1137244701385498
0.27579212188720703
0.10243654251098633
0.17264890670776367
0.0845956802368164
0.10493946075439453
0.20975494384765625
0.09694409370422363
0.08063673973083496
0.10164213180541992
0.09243965148925781
0.16804027557373047
0.07862114906311035
0.24413704872131348
0.08776211738586426
0.09618330001831055
0.19577836990356445
0.27738165855407715
0.08341193199157715
0.15617060661315918
0.2770535945892334
0.08886528015136719
0.0794222354888916
0.08442306518554688
0.18116307258605957
0.14744281768798828
0.2245471477508545
0.08144974708557129
0.24797511100769043
0.24706482887268066
0.07764196395874023
0.12983250617980957
0.1724231243133545
0.20813679695129395
0.12326455116271973
0.22862935066223145
0.1713099479675293
0.22565603256225586
0.1148378849029541
0.19422626495361328
0.15247130393981934
0.1068873405456543
0.20947766304016113
0.20574378967285156
0.09854817390441895
0.14824986457824707
0.1816263198852539
0.0941777229309082
0.1975536346435547
0.12988591194152832
0.08855032920837402
0.1947615146636963
0.08544778823852539
0.17263364791870117
0.1843111515045166
0.12342333793640137
0.08102846145629883
0.18285751342773438
0.1153571605682373
0.08025026321411133
0.16988062858581543
0.17583847045898438
0.10496664047241211
0.1705770492553711
0.0993659496307373
0.15695500373840332
0.17151379585266113
0.09216141700744629
0.1579883098602295
0.14720630645751953
0.16684412956237793
0.0880579948425293
0.08691239356994629
0.14854645729064941
0.1312723159790039
0.15882611274719238
0.08141756057739258
0.07735300064086914
0.13483047485351562
0.12111592292785645
0.28039050102233887
0.14791560173034668
0.1236426830291748
0.1152486801147461
0.13120508193969727
0.1165773868560791
0.10689234733581543
0.24461698532104492
0.10451221466064453
0.12643098831176758
0.10306167602539062
0.09974360466003418
0.2283647060394287
0.09600353240966797
0.11535215377807617
0.09489822387695312
0.0920708179473877
0.09096598625183105
0.10882139205932617
0.21621465682983398
0.08457088470458984
0.08613276481628418
0.2815897464752197
0.10011053085327148
0.08088946342468262
0.0816187858581543
0.09510684013366699
0.19642376899719238
0.07937955856323242
0.0784139633178711
0.0896909236907959
0.2476820945739746
0.1836690902709961
0.0871737003326416
0.08253216743469238
0.17063379287719727
0.22316455841064453
0.08047199249267578
0.17249011993408203
0.21219897270202637
0.15974903106689453
0.19353580474853516
0.15112090110778809
0.1363370418548584
0.18290233612060547
0.12397956848144531
0.11515998840332031
0.17229628562927246
0.10768723487854004
0.16882729530334473
0.10039830207824707
0.09527039527893066
0.15633368492126465
0.09287357330322266
0.08745002746582031
0.15089821815490723
0.08467459678649902
0.08048200607299805
0.1329033374786377
0.12441253662109375
0.11543488502502441
0.10713696479797363
0.10057497024536133
0.0955808162689209
0.0918128490447998
0.08719086647033691
0.083343505859375
0.0768585205078125
0.2784550189971924
0.2747650146484375
0.28349804878234863
0.2429962158203125
0.2419447898864746
0.22618627548217773
0.2506093978881836
0.22565221786499023
0.20796465873718262
0.2327899932861328
0.20853662490844727
0.1958014965057373
0.21957683563232422
0.19315671920776367
0.18379521369934082
0.20408082008361816
0.1835930347442627
0.2769176959991455
0.17242145538330078
0.1895158290863037
0.1718430519104004
0.166229248046875
0.24408841133117676
0.17736220359802246
0.1667006015777588
0.1529223918914795
0.1558973789215088
0.17200279235839844
0.22777867317199707
0.1485745906829834
0.14800381660461426
0.15955448150634766
0.13073325157165527
0.20828914642333984
0.12882757186889648
0.11902713775634766
0.15274763107299805
0.276949405670166
0.12078142166137695
0.11208558082580566
0.13352394104003906
0.19428443908691406
0.11434149742126465
0.2780876159667969
0.10345792770385742
0.12707233428955078
0.2447957992553711
0.10417413711547852
0.09793496131896973
0.18419981002807617
0.11564755439758301
0.09798288345336914
0.0946347713470459
0.2500014305114746
0.09338116645812988
0.1100010871887207
0.08901786804199219
0.17222309112548828
0.2273120880126953
0.08902144432067871
0.08524918556213379
0.10145378112792969
0.2731051445007324
0.08408737182617188
0.2260587215423584
0.08015990257263184
0.1662442684173584
0.09807491302490234
0.08127188682556152
0.07708168029785156
0.2091677188873291
0.09174871444702148
0.07833695411682129
0.15549898147583008
0.21117186546325684
0.08558082580566406
0.24374985694885254
0.19282865524291992
0.0836935043334961
0.2694535255432129
0.1464710235595703
0.07944440841674805
0.19871115684509277
0.13010835647583008
0.2285449504852295
0.18514466285705566
0.2444443702697754
0.17976832389831543
0.12184524536132812
0.17666006088256836
0.1154172420501709
0.20959067344665527
0.17699646949768066
0.2823951244354248
0.22284674644470215
0.1047055721282959
0.16719555854797363
0.16813206672668457
0.09626960754394531
0.19450592994689941
0.09138154983520508
0.24124455451965332
0.15505504608154297
0.20885133743286133
0.1479039192199707
0.08746767044067383
0.1818540096282959
0.08471250534057617
0.14896321296691895
0.15184903144836426
0.19630789756774902
0.22294163703918457
0.07948756217956543
0.13371562957763672
0.1327214241027832
0.17504405975341797
0.07840895652770996
0.1830153465270996
0.12246966361999512
0.12128520011901855
0.2095794677734375
0.1654496192932129
0.11273574829101562
0.1127157211303711
0.1721787452697754
0.10665273666381836
0.19484782218933105
0.10521292686462402
0.15483951568603516
0.10070323944091797
0.17100906372070312
0.10119318962097168
0.09516119956970215
0.14937710762023926
0.1855008602142334
0.09417533874511719
0.08987951278686523
0.28156590461730957
0.15539121627807617
0.08962774276733398
0.12966060638427734
0.0865015983581543
0.17128443717956543
0.08569717407226562
0.08155488967895508
0.15018320083618164
0.12123894691467285
0.08449912071228027
0.07853221893310547
0.24626874923706055
0.167677640914917
0.07951974868774414
0.1314711570739746
0.11380815505981445
0.10878872871398926
0.12728428840637207
0.1604900360107422
0.2336270809173584
0.1001896858215332
0.11296224594116211
0.14512276649475098
0.08717989921569824
0.10064840316772461
0.08952212333679199
0.13012480735778809
0.2121436595916748
0.10230374336242676
0.08577919006347656
0.11491107940673828
0.09377884864807129
0.08327794075012207
0.09128522872924805
0.2162151336669922
0.1135408878326416
0.07637977600097656
0.08747196197509766
0.10277986526489258
0.08334684371948242
0.18740582466125488
0.09691667556762695
0.07890176773071289
0.09274578094482422
0.17279267311096191
0.08993697166442871
0.08353757858276367
0.1668393611907959
0.08363986015319824
0.07890653610229492
0.15547823905944824
0.1508626937866211
0.1278679370880127
0.1236119270324707
0.1156458854675293
0.10663890838623047
0.10110616683959961
0.09378361701965332
0.09172439575195312
0.08725333213806152
0.0825650691986084
0.07891178131103516
0.27725768089294434
0.27585387229919434
0.24276089668273926
0.2440953254699707
0.2733345031738281
0.22707343101501465
0.22554874420166016
0.24694466590881348
0.2096865177154541
0.20852041244506836
0.1962876319885254
0.22536778450012207
0.19553327560424805
0.1830449104309082
0.20898079872131348
0.18267345428466797
0.1761627197265625
0.19624614715576172
0.2754545211791992
0.17152118682861328
0.17029905319213867
0.1820681095123291
0.16631674766540527
0.15639400482177734
0.24636459350585938
0.17279958724975586
0.15467071533203125
0.1470785140991211
0.1481785774230957
0.226884126663208
0.16731739044189453
0.12987565994262695
0.27689623832702637
0.13097906112670898
0.12033486366271973
0.15402531623840332
0.20953822135925293
0.12220883369445801
0.11166858673095703
0.2764565944671631
0.14693713188171387
0.11197423934936523
0.24454951286315918
0.10557413101196289
0.19689655303955078
0.1279587745666504
0.10442924499511719
0.09865093231201172
0.2433795928955078
0.09249114990234375
0.09878921508789062
0.12049150466918945
0.22510862350463867
0.1853771209716797
0.08854556083679199
0.09512877464294434
0.11164426803588867
0.0838782787322998
0.08903670310974121
0.2263021469116211
0.10464215278625488
0.17316341400146484
0.08203387260437012
0.20807957649230957
0.08623766899108887
0.09837484359741211
0.07745790481567383
0.08118844032287598
0.17102551460266113
0.20885825157165527
0.09461092948913574
0.0779416561126709
0.1999354362487793
0.08813095092773438
0.27320265769958496
0.15119242668151855
0.27294373512268066
0.08478713035583496
0.1956787109375
0.18273162841796875
0.08012104034423828
0.27507805824279785
0.14682555198669434
0.0775444507598877
0.24407410621643066
0.1854243278503418
0.17295503616333008
0.13198161125183105
0.24393177032470703
0.25008535385131836
0.17771458625793457
0.12084579467773438
0.16801190376281738
0.2284259796142578
0.11202383041381836
0.22560811042785645
0.16835331916809082
0.22734832763671875
0.15894079208374023
0.10225796699523926
0.2085895538330078
0.15680384635925293
0.09915924072265625
0.14944934844970703
0.21156787872314453
0.21169757843017578
0.09404563903808594
0.14796900749206543
0.1957390308380127
0.13069510459899902
0.08907747268676758
0.19845247268676758
0.1306004524230957
0.08142781257629395
0.19554662704467773
0.11727619171142578
0.08127355575561523
0.18324995040893555
0.12327742576599121
0.11069965362548828
0.0752415657043457
0.18273520469665527
0.18681883811950684
0.11267232894897461
0.10703420639038086
0.17284798622131348
0.10693788528442383
0.10019803047180176
0.17852020263671875
0.17180418968200684
0.0999906063079834
0.09480166435241699
0.16668486595153809
0.0978398323059082
0.09145879745483398
0.17066287994384766
0.17044377326965332
0.09028172492980957
0.1557605266571045
0.08488059043884277
0.28568005561828613
0.08473920822143555
0.15619111061096191
0.08144569396972656
0.154221773147583
0.08210992813110352
0.14828038215637207
0.07748699188232422
0.07434964179992676
0.1459956169128418
0.14461326599121094
0.12694025039672852
0.24916338920593262
0.129439115524292
0.13329553604125977
0.12442636489868164
0.12212634086608887
0.11381983757019043
0.12238407135009766
0.1129155158996582
0.2338848114013672
0.10668325424194336
0.11620521545410156
0.10727977752685547
0.10041475296020508
0.10667920112609863
0.10022115707397461
0.21063542366027832
0.09049153327941895
0.0992128849029541
0.09677791595458984
0.08942723274230957
0.0918586254119873
0.09477734565734863
0.08730792999267578
0.20473003387451172
0.0866098403930664
0.08958578109741211
0.08242940902709961
0.08133578300476074
0.08566761016845703
0.07901668548583984
0.07855105400085449
0.08170771598815918
0.18510937690734863
0.07975077629089355
0.17475199699401855
0.17167448997497559
0.1563398838043213
0.15079760551452637
0.1343238353729248
0.12190747261047363
0.11505460739135742
0.10317301750183105
0.09717893600463867
0.09276509284973145
0.08666682243347168
0.08141326904296875
0.07750558853149414
0.07586121559143066
